<?xml version="1.0" encoding="UTF-8"?>
<robot generator="Robot 7.3.2 (Python 3.12.3 on linux)" generated="2025-09-26T20:42:33.184662" rpa="false" schemaversion="5">
<suite id="s1" name="Performance Tests" source="/home/ubuntu/Desktop/swtestProject/performance_tests">
<suite id="s1-s1" name="Tests" source="/home/ubuntu/Desktop/swtestProject/performance_tests/tests">
<suite id="s1-s1-s1" name="Homepage Performance" source="/home/ubuntu/Desktop/swtestProject/performance_tests/tests/homepage_performance.robot">
<kw name="Start Performance Session" owner="performance_lib" type="SETUP">
<kw name="Create Session" owner="RequestsLibrary">
<msg time="2025-09-26T20:42:33.276045" level="INFO">Creating Session using : alias=ae, url=https://automationexercise.com, headers={},                     cookies={}, auth=None, timeout=None, proxies=None, verify=False,                     debug=0 </msg>
<arg>ae</arg>
<arg>${BASE_URL}</arg>
<doc>Create Session: create a HTTP session to a server</doc>
<status status="PASS" start="2025-09-26T20:42:33.275902" elapsed="0.000313"/>
</kw>
<status status="PASS" start="2025-09-26T20:42:33.275484" elapsed="0.000800"/>
</kw>
<test id="s1-s1-s1-t1" name="Homepage Response Time Under Threshold" line="9">
<kw name="Get Page And Measure Time" owner="performance_lib">
<kw name="Get Time" owner="BuiltIn">
<msg time="2025-09-26T20:42:33.277101" level="INFO">${start} = 1758894153</msg>
<var>${start}</var>
<arg>epoch</arg>
<doc>Returns the given time in the requested format.</doc>
<status status="PASS" start="2025-09-26T20:42:33.276939" elapsed="0.000185"/>
</kw>
<kw name="GET On Session" owner="RequestsLibrary">
<msg time="2025-09-26T20:42:34.341179" level="INFO">GET Request : url=https://automationexercise.com/ 
 path_url=/ 
 headers={'User-Agent': 'python-requests/2.32.5', 'Accept-Encoding': 'gzip, deflate', 'Accept': '*/*', 'Connection': 'keep-alive'} 
 body=None 
 </msg>
<msg time="2025-09-26T20:42:34.341644" level="INFO">GET Response : url=https://automationexercise.com/ 
 status=200, reason=OK 
 headers={'Date': 'Fri, 26 Sep 2025 13:42:34 GMT', 'Content-Type': 'text/html; charset=utf-8', 'Transfer-Encoding': 'chunked', 'Connection': 'keep-alive', 'vary': 'Cookie,Accept-Encoding', 'referrer-policy': 'same-origin', 'x-frame-options': 'DENY', 'x-content-type-options': 'nosniff', 'x-powered-by': 'Phusion Passenger(R) 6.0.23', 'Nel': '{"report_to":"cf-nel","success_fraction":0.0,"max_age":604800}', 'status': '200 OK', 'Report-To': '{"group":"cf-nel","max_age":604800,"endpoints":[{"url":"https://a.nel.cloudflare.com/report/v4?s=uVCGFi2rgp3Kxy5hUG7Wm5QdMh2kUqcO3%2BWtDGDE97Ujkf21rJhxDQZPe1YBIFwtAndMZV7%2FQdcv6hAJAyKcIv9QDtocbKXUfjLu47q79h2drM4MUfXl7qJUaElYCU%2B4GZg%3D"}]}', 'Server': 'cloudflare', 'cf-cache-status': 'DYNAMIC', 'Content-Encoding': 'gzip', 'Set-Cookie': 'csrftoken=aIM2ZXAkr8jQ0vBLWVMPfRGbJSNYHEx84F7A2N6krUyFkv25HgF3m6PoWrLnBmnu; SameSite=Lax; Path=/; Max-Age=31449600; Expires=Fri, 25 Sep 2026 13:42:34 GMT', 'CF-RAY': '98532f6b5f0b7b41-BKK', 'alt-svc': 'h3=":443"; ma=86400'} 
 body=&lt;!DOCTYPE html&gt;
&lt;html lang="en"&gt;
&lt;head&gt;
    &lt;meta charset="utf-8"&gt;
    &lt;meta name="viewport" content="width=device-width, initial-scale=1.0"&gt;
    &lt;meta name="description" content="This is for automation practice"&gt;
	&lt;meta name="robots" content="index"/&gt;
	&lt;meta name="keywords" content="Automation Exercise / Automation Practice / Practice website for automation / demo website for practice / dummy website for testing / testing website / dummy website for practice automation / API Testing / API automation"&gt;
	&lt;meta name="google-site-verification" content="VS1KtEV7m0Pp9MRMwCpyR7rGwUVYH6N8l1zoVepsGWs" /&gt;

    &lt;title&gt;Automation Exercise&lt;/title&gt;

	

    &lt;link href="/static/css/bootstrap.min.css" rel="stylesheet"&gt;
    &lt;link href="/static/css/font-awesome.min.css" rel="stylesheet"&gt;
    &lt;link href="/static/css/prettyPhoto.css" rel="stylesheet"&gt;
    &lt;link href="/static/css/animate.css" rel="stylesheet"&gt;
	&lt;link href="/static/css/main.css" rel="stylesheet"&gt;
	&lt;link href="/static/css/responsive.css" rel="stylesheet"&gt;
	&lt;link rel="stylesheet" href="https://fonts.googleapis.com/icon?family=Material+Icons"&gt;
	&lt;link href="/static/css/cart.css" rel="stylesheet"&gt;

    &lt;!--[if lt IE 9]&gt;
    &lt;script src="/static/js/html5.js"&gt;&lt;/script&gt;
    &lt;script src="/static/js/respond.min.js"&gt;&lt;/script&gt;
    &lt;![endif]--&gt;       
    &lt;link rel="shortcut icon" href="/static/images/home/short_logo.png"&gt;
    &lt;link rel="apple-touch-icon-precomposed" sizes="144x144" href="/static/images/ico/apple-touch-icon-144-precomposed.png"&gt;
    &lt;link rel="apple-touch-icon-precomposed" sizes="114x114" href="/static/images/ico/apple-touch-icon-114-precomposed.png"&gt;
    &lt;link rel="apple-touch-icon-precomposed" sizes="72x72" href="/static/images/ico/apple-touch-icon-72-precomposed.png"&gt;
    &lt;link rel="apple-touch-icon-precomposed" href="/static/images/ico/apple-touch-icon-57-precomposed.png"&gt;

	&lt;script async src="https://pagead2.googlesyndication.com/pagead/js/adsbygoogle.js?client=ca-pub-1677597403311019"
     crossorigin="anonymous"&gt;&lt;/script&gt;

&lt;/head&gt;

&lt;body&gt;

	&lt;header id="header"&gt;
		&lt;div class="header-middle"&gt;
			&lt;div class="container"&gt;
				&lt;div class="row"&gt;
					&lt;div class="col-sm-4"&gt;
						&lt;div class="logo pull-left"&gt;
							&lt;a href="/"&gt;&lt;img src="/static/images/home/logo.png" alt="Website for automation practice" /&gt;&lt;/a&gt;
						&lt;/div&gt;
					&lt;/div&gt;
					&lt;div class="col-sm-8"&gt;
						&lt;div class="shop-menu pull-right"&gt;
							&lt;ul class="nav navbar-nav"&gt;
								
								&lt;li&gt;&lt;a href="/" style="color: orange;"&gt;&lt;i class="fa fa-home"&gt;&lt;/i&gt; Home&lt;/a&gt;&lt;/li&gt;
								&lt;li&gt;&lt;a href="/products"&gt;&lt;i class="material-icons card_travel" style="font-size: 16px;"&gt;&amp;#xe8f8;&lt;/i&gt; Products&lt;/a&gt;&lt;/li&gt;
								&lt;li&gt;&lt;a href="/view_cart"&gt;&lt;i class="fa fa-shopping-cart"&gt;&lt;/i&gt; Cart&lt;/a&gt;&lt;/li&gt;
								
								&lt;li&gt;&lt;a href="/login"&gt;&lt;i class="fa fa-lock"&gt;&lt;/i&gt; Signup / Login&lt;/a&gt;&lt;/li&gt;
								
								&lt;li&gt;&lt;a href="/test_cases"&gt;&lt;i class="fa fa-list"&gt;&lt;/i&gt; Test Cases&lt;/a&gt;&lt;/li&gt;
								&lt;li&gt;&lt;a href="/api_list"&gt;&lt;i class="fa fa-list"&gt;&lt;/i&gt; API Testing&lt;/a&gt;&lt;/li&gt;
								&lt;li&gt;&lt;a href="https://www.youtube.com/c/AutomationExercise"&gt;&lt;i class="fa fa-youtube-play"&gt;&lt;/i&gt; Video Tutorials&lt;/a&gt;&lt;/li&gt;
								&lt;li&gt;&lt;a href="/contact_us"&gt;&lt;i class="fa fa-envelope"&gt;&lt;/i&gt; Contact us&lt;/a&gt;&lt;/li&gt;
								
							&lt;/ul&gt;
						&lt;/div&gt;
					&lt;/div&gt;
				&lt;/div&gt;
			&lt;/div&gt;
		&lt;/div&gt;
	&lt;/header&gt;
	
	&lt;section id="slider"&gt;
		&lt;div class="container"&gt;
			&lt;div class="row"&gt;
				&lt;div class="col-sm-12"&gt;
					&lt;div id="slider-carousel" class="carousel slide" data-ride="carousel"&gt;
						&lt;ol class="carousel-indicators"&gt;
							&lt;li data-target="#slider-carousel" data-slide-to="0" class="active"&gt;&lt;/li&gt;
							&lt;li data-target="#slider-carousel" data-slide-to="1"&gt;&lt;/li&gt;
							&lt;li data-target="#slider-carousel" data-slide-to="2"&gt;&lt;/li&gt;
						&lt;/ol&gt;
						
						&lt;div class="carousel-inner"&gt;
							&lt;div class="item active"&gt;
								&lt;div class="col-sm-6"&gt;
									&lt;h1&gt;&lt;span&gt;Automation&lt;/span&gt;Exercise&lt;/h1&gt;
									&lt;h2&gt;Full-Fledged practice website for Automation Engineers&lt;/h2&gt;
									&lt;p&gt;All QA engineers can use this website for automation practice and API testing either they are at beginner or advance level. This is for everybody to help them brush up their automation skills.&lt;/p&gt;
									&lt;a href="/test_cases" class="test_cases_list"&gt;&lt;button type="button" class="btn btn-success"&gt;Test Cases&lt;/button&gt;&lt;/a&gt;
									&lt;a href="/api_list" class="apis_list"&gt;&lt;button type="button" class="btn btn-success"&gt;APIs list for practice&lt;/button&gt;&lt;/a&gt;
								&lt;/div&gt;
								&lt;div class="col-sm-6"&gt;
									&lt;img src="/static/images/home/girl2.jpg" class="girl img-responsive" alt="demo website for practice" /&gt;
								&lt;/div&gt;
							&lt;/div&gt;
							&lt;div class="item"&gt;
								&lt;div class="col-sm-6"&gt;
									&lt;h1&gt;&lt;span&gt;Automation&lt;/span&gt;Exercise&lt;/h1&gt;
									&lt;h2&gt;Full-Fledged practice website for Automation Engineers&lt;/h2&gt;
									&lt;p&gt;All QA engineers can use this website for automation practice and API testing either they are at beginner or advance level. This is for everybody to help them brush up their automation skills.&lt;/p&gt;
									&lt;a href="/test_cases" class="test_cases_list"&gt;&lt;button type="button" class="btn btn-success"&gt;Test Cases&lt;/button&gt;&lt;/a&gt;
									&lt;a href="/api_list" class="apis_list"&gt;&lt;button type="button" class="btn btn-success"&gt;APIs list for practice&lt;/button&gt;&lt;/a&gt;
								&lt;/div&gt;
								&lt;div class="col-sm-6"&gt;
									&lt;img src="/static/images/home/girl1.jpg" class="girl img-responsive" alt="demo website for practice" /&gt;
								&lt;/div&gt;
							&lt;/div&gt;
							&lt;div class="item"&gt;
								&lt;div class="col-sm-6"&gt;
									&lt;h1&gt;&lt;span&gt;Automation&lt;/span&gt;Exercise&lt;/h1&gt;
									&lt;h2&gt;Full-Fledged practice website for Automation Engineers&lt;/h2&gt;
									&lt;p&gt;All QA engineers can use this website for automation practice and API testing either they are at beginner or advance level. This is for everybody to help them brush up their automation skills.&lt;/p&gt;
									&lt;a href="/test_cases" class="test_cases_list"&gt;&lt;button type="button" class="btn btn-success"&gt;Test Cases&lt;/button&gt;&lt;/a&gt;
									&lt;a href="/api_list" class="apis_list"&gt;&lt;button type="button" class="btn btn-success"&gt;APIs list for practice&lt;/button&gt;&lt;/a&gt;
								&lt;/div&gt;
								&lt;div class="col-sm-6"&gt;
									&lt;img src="/static/images/home/girl3.jpg" class="girl img-responsive" alt="demo website for practice" /&gt;
								&lt;/div&gt;
							&lt;/div&gt;
							
						&lt;/div&gt;
						
						&lt;a href="#slider-carousel" class="left control-carousel hidden-xs" data-slide="prev"&gt;
							&lt;i class="fa fa-angle-left"&gt;&lt;/i&gt;
						&lt;/a&gt;
						&lt;a href="#slider-carousel" class="right control-carousel hidden-xs" data-slide="next"&gt;
							&lt;i class="fa fa-angle-right"&gt;&lt;/i&gt;
						&lt;/a&gt;
					&lt;/div&gt;
					
				&lt;/div&gt;
			&lt;/div&gt;
		&lt;/div&gt;
	&lt;/section&gt;
	
	&lt;section&gt;
		&lt;div class="container"&gt;
			&lt;div class="row"&gt;
				&lt;div class="col-sm-3"&gt;
					&lt;div class="left-sidebar"&gt;
						&lt;h2&gt;Category&lt;/h2&gt;
						&lt;div class="panel-group category-products" id="accordian"&gt;
							
							&lt;div class="panel panel-default"&gt;
								&lt;div class="panel-heading"&gt;
									&lt;h4 class="panel-title"&gt;
										&lt;a data-toggle="collapse" data-parent="#accordian" href="#Women"&gt;
											&lt;span class="badge pull-right"&gt;&lt;i class="fa fa-plus"&gt;&lt;/i&gt;&lt;/span&gt;
											Women
										&lt;/a&gt;
									&lt;/h4&gt;
								&lt;/div&gt;
								&lt;div id="Women" class="panel-collapse collapse"&gt;
									&lt;div class="panel-body"&gt;
										&lt;ul&gt;
											
											&lt;li&gt;&lt;a href="/category_products/1"&gt;Dress &lt;/a&gt;&lt;/li&gt;
											
											&lt;li&gt;&lt;a href="/category_products/2"&gt;Tops &lt;/a&gt;&lt;/li&gt;
											
											&lt;li&gt;&lt;a href="/category_products/7"&gt;Saree &lt;/a&gt;&lt;/li&gt;
											
										&lt;/ul&gt;
									&lt;/div&gt;
								&lt;/div&gt;
							&lt;/div&gt;
							
							&lt;div class="panel panel-default"&gt;
								&lt;div class="panel-heading"&gt;
									&lt;h4 class="panel-title"&gt;
										&lt;a data-toggle="collapse" data-parent="#accordian" href="#Men"&gt;
											&lt;span class="badge pull-right"&gt;&lt;i class="fa fa-plus"&gt;&lt;/i&gt;&lt;/span&gt;
											Men
										&lt;/a&gt;
									&lt;/h4&gt;
								&lt;/div&gt;
								&lt;div id="Men" class="panel-collapse collapse"&gt;
									&lt;div class="panel-body"&gt;
										&lt;ul&gt;
											
											&lt;li&gt;&lt;a href="/category_products/3"&gt;Tshirts &lt;/a&gt;&lt;/li&gt;
											
											&lt;li&gt;&lt;a href="/category_products/6"&gt;Jeans &lt;/a&gt;&lt;/li&gt;
											
										&lt;/ul&gt;
									&lt;/div&gt;
								&lt;/div&gt;
							&lt;/div&gt;
							
							&lt;div class="panel panel-default"&gt;
								&lt;div class="panel-heading"&gt;
									&lt;h4 class="panel-title"&gt;
										&lt;a data-toggle="collapse" data-parent="#accordian" href="#Kids"&gt;
											&lt;span class="badge pull-right"&gt;&lt;i class="fa fa-plus"&gt;&lt;/i&gt;&lt;/span&gt;
											Kids
										&lt;/a&gt;
									&lt;/h4&gt;
								&lt;/div&gt;
								&lt;div id="Kids" class="panel-collapse collapse"&gt;
									&lt;div class="panel-body"&gt;
										&lt;ul&gt;
											
											&lt;li&gt;&lt;a href="/category_products/4"&gt;Dress &lt;/a&gt;&lt;/li&gt;
											
											&lt;li&gt;&lt;a href="/category_products/5"&gt;Tops &amp;amp; Shirts &lt;/a&gt;&lt;/li&gt;
											
										&lt;/ul&gt;
									&lt;/div&gt;
								&lt;/div&gt;
							&lt;/div&gt;
							
						&lt;/div&gt;
					
						&lt;div class="brands_products"&gt;
							&lt;h2&gt;Brands&lt;/h2&gt;
							&lt;div class="brands-name"&gt;
								&lt;ul class="nav nav-pills nav-stacked"&gt;
									
									&lt;li&gt;&lt;a href="/brand_products/Polo"&gt; &lt;span class="pull-right"&gt;(6)&lt;/span&gt;Polo&lt;/a&gt;&lt;/li&gt;
									
									&lt;li&gt;&lt;a href="/brand_products/H&amp;amp;M"&gt; &lt;span class="pull-right"&gt;(5)&lt;/span&gt;H&amp;amp;M&lt;/a&gt;&lt;/li&gt;
									
									&lt;li&gt;&lt;a href="/brand_products/Madame"&gt; &lt;span class="pull-right"&gt;(5)&lt;/span&gt;Madame&lt;/a&gt;&lt;/li&gt;
									
									&lt;li&gt;&lt;a href="/brand_products/Mast &amp;amp; Harbour"&gt; &lt;span class="pull-right"&gt;(3)&lt;/span&gt;Mast &amp;amp; Harbour&lt;/a&gt;&lt;/li&gt;
									
									&lt;li&gt;&lt;a href="/brand_products/Babyhug"&gt; &lt;span class="pull-right"&gt;(4)&lt;/span&gt;Babyhug&lt;/a&gt;&lt;/li&gt;
									
									&lt;li&gt;&lt;a href="/brand_products/Allen Solly Junior"&gt; &lt;span class="pull-right"&gt;(3)&lt;/span&gt;Allen Solly Junior&lt;/a&gt;&lt;/li&gt;
									
									&lt;li&gt;&lt;a href="/brand_products/Kookie Kids"&gt; &lt;span class="pull-right"&gt;(3)&lt;/span&gt;Kookie Kids&lt;/a&gt;&lt;/li&gt;
									
									&lt;li&gt;&lt;a href="/brand_products/Biba"&gt; &lt;span class="pull-right"&gt;(5)&lt;/span&gt;Biba&lt;/a&gt;&lt;/li&gt;... (set the log level to DEBUG or TRACE to see the full content) 
 </msg>
<msg time="2025-09-26T20:42:34.342274" level="INFO">${resp} = &lt;Response [200]&gt;</msg>
<var>${resp}</var>
<arg>ae</arg>
<arg>${path}</arg>
<arg>verify=${True}</arg>
<doc>Sends a GET request on a previously created HTTP Session.</doc>
<status status="PASS" start="2025-09-26T20:42:33.277201" elapsed="1.065115"/>
</kw>
<kw name="Get Time" owner="BuiltIn">
<msg time="2025-09-26T20:42:34.342813" level="INFO">${end} = 1758894154</msg>
<var>${end}</var>
<arg>epoch</arg>
<doc>Returns the given time in the requested format.</doc>
<status status="PASS" start="2025-09-26T20:42:34.342512" elapsed="0.000338"/>
</kw>
<kw name="Evaluate" owner="BuiltIn">
<msg time="2025-09-26T20:42:34.343314" level="INFO">${duration} = 1</msg>
<var>${duration}</var>
<arg>${end} - ${start}</arg>
<doc>Evaluates the given expression in Python and returns the result.</doc>
<status status="PASS" start="2025-09-26T20:42:34.342998" elapsed="0.000352"/>
</kw>
<kw name="Should Be Equal As Integers" owner="BuiltIn">
<msg time="2025-09-26T20:42:34.344245" level="INFO">Argument types are:
&lt;class 'int'&gt;
&lt;class 'str'&gt;</msg>
<arg>${resp.status_code}</arg>
<arg>200</arg>
<doc>Fails if objects are unequal after converting them to integers.</doc>
<status status="PASS" start="2025-09-26T20:42:34.343485" elapsed="0.000839"/>
</kw>
<kw name="Log" owner="BuiltIn">
<msg time="2025-09-26T20:42:34.344800" level="INFO">Response time for / = 1 seconds</msg>
<arg>Response time for ${path} = ${duration} seconds</arg>
<doc>Logs the given message with the given level.</doc>
<status status="PASS" start="2025-09-26T20:42:34.344465" elapsed="0.000394"/>
</kw>
<return>
<value>${duration}</value>
<status status="PASS" start="2025-09-26T20:42:34.344928" elapsed="0.000059"/>
</return>
<msg time="2025-09-26T20:42:34.345172" level="INFO">${dur} = 1</msg>
<var>${dur}</var>
<arg>/</arg>
<status status="PASS" start="2025-09-26T20:42:33.276727" elapsed="1.068479"/>
</kw>
<kw name="Assert Response Time Less Than" owner="performance_lib">
<kw name="Run Keyword If" owner="BuiltIn">
<arg>${duration} &gt; ${threshold}</arg>
<arg>Fail</arg>
<arg>Response time ${duration} exceeded threshold ${threshold}</arg>
<doc>Runs the given keyword with the given arguments, if ``condition`` is true.</doc>
<status status="PASS" start="2025-09-26T20:42:34.345916" elapsed="0.000242"/>
</kw>
<arg>${dur}</arg>
<arg>${THRESHOLD}</arg>
<status status="PASS" start="2025-09-26T20:42:34.345440" elapsed="0.000808"/>
</kw>
<status status="PASS" start="2025-09-26T20:42:33.276333" elapsed="1.070174"/>
</test>
<test id="s1-s1-s1-t2" name="Homepage Stress Under Load" line="13">
<kw name="Create List" owner="BuiltIn">
<msg time="2025-09-26T20:42:34.347514" level="INFO">${durations} = []</msg>
<var>${durations}</var>
<doc>Returns a list containing given items.</doc>
<status status="PASS" start="2025-09-26T20:42:34.347327" elapsed="0.000228"/>
</kw>
<for flavor="IN RANGE">
<iter>
<kw name="Get Page And Measure Time" owner="performance_lib">
<kw name="Get Time" owner="BuiltIn">
<msg time="2025-09-26T20:42:34.348776" level="INFO">${start} = 1758894154</msg>
<var>${start}</var>
<arg>epoch</arg>
<doc>Returns the given time in the requested format.</doc>
<status status="PASS" start="2025-09-26T20:42:34.348564" elapsed="0.000236"/>
</kw>
<kw name="GET On Session" owner="RequestsLibrary">
<msg time="2025-09-26T20:42:34.760873" level="INFO">GET Request : url=https://automationexercise.com/ 
 path_url=/ 
 headers={'User-Agent': 'python-requests/2.32.5', 'Accept-Encoding': 'gzip, deflate', 'Accept': '*/*', 'Connection': 'keep-alive', 'Cookie': 'csrftoken=aIM2ZXAkr8jQ0vBLWVMPfRGbJSNYHEx84F7A2N6krUyFkv25HgF3m6PoWrLnBmnu'} 
 body=None 
 </msg>
<msg time="2025-09-26T20:42:34.761028" level="INFO">GET Response : url=https://automationexercise.com/ 
 status=200, reason=OK 
 headers={'Date': 'Fri, 26 Sep 2025 13:42:34 GMT', 'Content-Type': 'text/html; charset=utf-8', 'Transfer-Encoding': 'chunked', 'Connection': 'keep-alive', 'vary': 'Cookie,Accept-Encoding', 'referrer-policy': 'same-origin', 'x-frame-options': 'DENY', 'x-content-type-options': 'nosniff', 'x-powered-by': 'Phusion Passenger(R) 6.0.23', 'Nel': '{"report_to":"cf-nel","success_fraction":0.0,"max_age":604800}', 'status': '200 OK', 'Report-To': '{"group":"cf-nel","max_age":604800,"endpoints":[{"url":"https://a.nel.cloudflare.com/report/v4?s=b8V4mohvKIEN%2BTXe4cVkaYzHiKdiFRZMwzArHGDRPioy7rQBwIuVVl71PwXoYlnVQD1i7262tih35jXGrfCZjBTrQxO8Pj0UNk93Hn5A4Pdy9plAW6E2z7DIr7c%2FknXQOUA%3D"}]}', 'Server': 'cloudflare', 'cf-cache-status': 'DYNAMIC', 'Content-Encoding': 'gzip', 'Set-Cookie': 'csrftoken=aIM2ZXAkr8jQ0vBLWVMPfRGbJSNYHEx84F7A2N6krUyFkv25HgF3m6PoWrLnBmnu; SameSite=Lax; Path=/; Max-Age=31449600; Expires=Fri, 25 Sep 2026 13:42:34 GMT', 'CF-RAY': '98532f718fa17b41-BKK', 'alt-svc': 'h3=":443"; ma=86400'} 
 body=&lt;!DOCTYPE html&gt;
&lt;html lang="en"&gt;
&lt;head&gt;
    &lt;meta charset="utf-8"&gt;
    &lt;meta name="viewport" content="width=device-width, initial-scale=1.0"&gt;
    &lt;meta name="description" content="This is for automation practice"&gt;
	&lt;meta name="robots" content="index"/&gt;
	&lt;meta name="keywords" content="Automation Exercise / Automation Practice / Practice website for automation / demo website for practice / dummy website for testing / testing website / dummy website for practice automation / API Testing / API automation"&gt;
	&lt;meta name="google-site-verification" content="VS1KtEV7m0Pp9MRMwCpyR7rGwUVYH6N8l1zoVepsGWs" /&gt;

    &lt;title&gt;Automation Exercise&lt;/title&gt;

	

    &lt;link href="/static/css/bootstrap.min.css" rel="stylesheet"&gt;
    &lt;link href="/static/css/font-awesome.min.css" rel="stylesheet"&gt;
    &lt;link href="/static/css/prettyPhoto.css" rel="stylesheet"&gt;
    &lt;link href="/static/css/animate.css" rel="stylesheet"&gt;
	&lt;link href="/static/css/main.css" rel="stylesheet"&gt;
	&lt;link href="/static/css/responsive.css" rel="stylesheet"&gt;
	&lt;link rel="stylesheet" href="https://fonts.googleapis.com/icon?family=Material+Icons"&gt;
	&lt;link href="/static/css/cart.css" rel="stylesheet"&gt;

    &lt;!--[if lt IE 9]&gt;
    &lt;script src="/static/js/html5.js"&gt;&lt;/script&gt;
    &lt;script src="/static/js/respond.min.js"&gt;&lt;/script&gt;
    &lt;![endif]--&gt;       
    &lt;link rel="shortcut icon" href="/static/images/home/short_logo.png"&gt;
    &lt;link rel="apple-touch-icon-precomposed" sizes="144x144" href="/static/images/ico/apple-touch-icon-144-precomposed.png"&gt;
    &lt;link rel="apple-touch-icon-precomposed" sizes="114x114" href="/static/images/ico/apple-touch-icon-114-precomposed.png"&gt;
    &lt;link rel="apple-touch-icon-precomposed" sizes="72x72" href="/static/images/ico/apple-touch-icon-72-precomposed.png"&gt;
    &lt;link rel="apple-touch-icon-precomposed" href="/static/images/ico/apple-touch-icon-57-precomposed.png"&gt;

	&lt;script async src="https://pagead2.googlesyndication.com/pagead/js/adsbygoogle.js?client=ca-pub-1677597403311019"
     crossorigin="anonymous"&gt;&lt;/script&gt;

&lt;/head&gt;

&lt;body&gt;

	&lt;header id="header"&gt;
		&lt;div class="header-middle"&gt;
			&lt;div class="container"&gt;
				&lt;div class="row"&gt;
					&lt;div class="col-sm-4"&gt;
						&lt;div class="logo pull-left"&gt;
							&lt;a href="/"&gt;&lt;img src="/static/images/home/logo.png" alt="Website for automation practice" /&gt;&lt;/a&gt;
						&lt;/div&gt;
					&lt;/div&gt;
					&lt;div class="col-sm-8"&gt;
						&lt;div class="shop-menu pull-right"&gt;
							&lt;ul class="nav navbar-nav"&gt;
								
								&lt;li&gt;&lt;a href="/" style="color: orange;"&gt;&lt;i class="fa fa-home"&gt;&lt;/i&gt; Home&lt;/a&gt;&lt;/li&gt;
								&lt;li&gt;&lt;a href="/products"&gt;&lt;i class="material-icons card_travel" style="font-size: 16px;"&gt;&amp;#xe8f8;&lt;/i&gt; Products&lt;/a&gt;&lt;/li&gt;
								&lt;li&gt;&lt;a href="/view_cart"&gt;&lt;i class="fa fa-shopping-cart"&gt;&lt;/i&gt; Cart&lt;/a&gt;&lt;/li&gt;
								
								&lt;li&gt;&lt;a href="/login"&gt;&lt;i class="fa fa-lock"&gt;&lt;/i&gt; Signup / Login&lt;/a&gt;&lt;/li&gt;
								
								&lt;li&gt;&lt;a href="/test_cases"&gt;&lt;i class="fa fa-list"&gt;&lt;/i&gt; Test Cases&lt;/a&gt;&lt;/li&gt;
								&lt;li&gt;&lt;a href="/api_list"&gt;&lt;i class="fa fa-list"&gt;&lt;/i&gt; API Testing&lt;/a&gt;&lt;/li&gt;
								&lt;li&gt;&lt;a href="https://www.youtube.com/c/AutomationExercise"&gt;&lt;i class="fa fa-youtube-play"&gt;&lt;/i&gt; Video Tutorials&lt;/a&gt;&lt;/li&gt;
								&lt;li&gt;&lt;a href="/contact_us"&gt;&lt;i class="fa fa-envelope"&gt;&lt;/i&gt; Contact us&lt;/a&gt;&lt;/li&gt;
								
							&lt;/ul&gt;
						&lt;/div&gt;
					&lt;/div&gt;
				&lt;/div&gt;
			&lt;/div&gt;
		&lt;/div&gt;
	&lt;/header&gt;
	
	&lt;section id="slider"&gt;
		&lt;div class="container"&gt;
			&lt;div class="row"&gt;
				&lt;div class="col-sm-12"&gt;
					&lt;div id="slider-carousel" class="carousel slide" data-ride="carousel"&gt;
						&lt;ol class="carousel-indicators"&gt;
							&lt;li data-target="#slider-carousel" data-slide-to="0" class="active"&gt;&lt;/li&gt;
							&lt;li data-target="#slider-carousel" data-slide-to="1"&gt;&lt;/li&gt;
							&lt;li data-target="#slider-carousel" data-slide-to="2"&gt;&lt;/li&gt;
						&lt;/ol&gt;
						
						&lt;div class="carousel-inner"&gt;
							&lt;div class="item active"&gt;
								&lt;div class="col-sm-6"&gt;
									&lt;h1&gt;&lt;span&gt;Automation&lt;/span&gt;Exercise&lt;/h1&gt;
									&lt;h2&gt;Full-Fledged practice website for Automation Engineers&lt;/h2&gt;
									&lt;p&gt;All QA engineers can use this website for automation practice and API testing either they are at beginner or advance level. This is for everybody to help them brush up their automation skills.&lt;/p&gt;
									&lt;a href="/test_cases" class="test_cases_list"&gt;&lt;button type="button" class="btn btn-success"&gt;Test Cases&lt;/button&gt;&lt;/a&gt;
									&lt;a href="/api_list" class="apis_list"&gt;&lt;button type="button" class="btn btn-success"&gt;APIs list for practice&lt;/button&gt;&lt;/a&gt;
								&lt;/div&gt;
								&lt;div class="col-sm-6"&gt;
									&lt;img src="/static/images/home/girl2.jpg" class="girl img-responsive" alt="demo website for practice" /&gt;
								&lt;/div&gt;
							&lt;/div&gt;
							&lt;div class="item"&gt;
								&lt;div class="col-sm-6"&gt;
									&lt;h1&gt;&lt;span&gt;Automation&lt;/span&gt;Exercise&lt;/h1&gt;
									&lt;h2&gt;Full-Fledged practice website for Automation Engineers&lt;/h2&gt;
									&lt;p&gt;All QA engineers can use this website for automation practice and API testing either they are at beginner or advance level. This is for everybody to help them brush up their automation skills.&lt;/p&gt;
									&lt;a href="/test_cases" class="test_cases_list"&gt;&lt;button type="button" class="btn btn-success"&gt;Test Cases&lt;/button&gt;&lt;/a&gt;
									&lt;a href="/api_list" class="apis_list"&gt;&lt;button type="button" class="btn btn-success"&gt;APIs list for practice&lt;/button&gt;&lt;/a&gt;
								&lt;/div&gt;
								&lt;div class="col-sm-6"&gt;
									&lt;img src="/static/images/home/girl1.jpg" class="girl img-responsive" alt="demo website for practice" /&gt;
								&lt;/div&gt;
							&lt;/div&gt;
							&lt;div class="item"&gt;
								&lt;div class="col-sm-6"&gt;
									&lt;h1&gt;&lt;span&gt;Automation&lt;/span&gt;Exercise&lt;/h1&gt;
									&lt;h2&gt;Full-Fledged practice website for Automation Engineers&lt;/h2&gt;
									&lt;p&gt;All QA engineers can use this website for automation practice and API testing either they are at beginner or advance level. This is for everybody to help them brush up their automation skills.&lt;/p&gt;
									&lt;a href="/test_cases" class="test_cases_list"&gt;&lt;button type="button" class="btn btn-success"&gt;Test Cases&lt;/button&gt;&lt;/a&gt;
									&lt;a href="/api_list" class="apis_list"&gt;&lt;button type="button" class="btn btn-success"&gt;APIs list for practice&lt;/button&gt;&lt;/a&gt;
								&lt;/div&gt;
								&lt;div class="col-sm-6"&gt;
									&lt;img src="/static/images/home/girl3.jpg" class="girl img-responsive" alt="demo website for practice" /&gt;
								&lt;/div&gt;
							&lt;/div&gt;
							
						&lt;/div&gt;
						
						&lt;a href="#slider-carousel" class="left control-carousel hidden-xs" data-slide="prev"&gt;
							&lt;i class="fa fa-angle-left"&gt;&lt;/i&gt;
						&lt;/a&gt;
						&lt;a href="#slider-carousel" class="right control-carousel hidden-xs" data-slide="next"&gt;
							&lt;i class="fa fa-angle-right"&gt;&lt;/i&gt;
						&lt;/a&gt;
					&lt;/div&gt;
					
				&lt;/div&gt;
			&lt;/div&gt;
		&lt;/div&gt;
	&lt;/section&gt;
	
	&lt;section&gt;
		&lt;div class="container"&gt;
			&lt;div class="row"&gt;
				&lt;div class="col-sm-3"&gt;
					&lt;div class="left-sidebar"&gt;
						&lt;h2&gt;Category&lt;/h2&gt;
						&lt;div class="panel-group category-products" id="accordian"&gt;
							
							&lt;div class="panel panel-default"&gt;
								&lt;div class="panel-heading"&gt;
									&lt;h4 class="panel-title"&gt;
										&lt;a data-toggle="collapse" data-parent="#accordian" href="#Women"&gt;
											&lt;span class="badge pull-right"&gt;&lt;i class="fa fa-plus"&gt;&lt;/i&gt;&lt;/span&gt;
											Women
										&lt;/a&gt;
									&lt;/h4&gt;
								&lt;/div&gt;
								&lt;div id="Women" class="panel-collapse collapse"&gt;
									&lt;div class="panel-body"&gt;
										&lt;ul&gt;
											
											&lt;li&gt;&lt;a href="/category_products/1"&gt;Dress &lt;/a&gt;&lt;/li&gt;
											
											&lt;li&gt;&lt;a href="/category_products/2"&gt;Tops &lt;/a&gt;&lt;/li&gt;
											
											&lt;li&gt;&lt;a href="/category_products/7"&gt;Saree &lt;/a&gt;&lt;/li&gt;
											
										&lt;/ul&gt;
									&lt;/div&gt;
								&lt;/div&gt;
							&lt;/div&gt;
							
							&lt;div class="panel panel-default"&gt;
								&lt;div class="panel-heading"&gt;
									&lt;h4 class="panel-title"&gt;
										&lt;a data-toggle="collapse" data-parent="#accordian" href="#Men"&gt;
											&lt;span class="badge pull-right"&gt;&lt;i class="fa fa-plus"&gt;&lt;/i&gt;&lt;/span&gt;
											Men
										&lt;/a&gt;
									&lt;/h4&gt;
								&lt;/div&gt;
								&lt;div id="Men" class="panel-collapse collapse"&gt;
									&lt;div class="panel-body"&gt;
										&lt;ul&gt;
											
											&lt;li&gt;&lt;a href="/category_products/3"&gt;Tshirts &lt;/a&gt;&lt;/li&gt;
											
											&lt;li&gt;&lt;a href="/category_products/6"&gt;Jeans &lt;/a&gt;&lt;/li&gt;
											
										&lt;/ul&gt;
									&lt;/div&gt;
								&lt;/div&gt;
							&lt;/div&gt;
							
							&lt;div class="panel panel-default"&gt;
								&lt;div class="panel-heading"&gt;
									&lt;h4 class="panel-title"&gt;
										&lt;a data-toggle="collapse" data-parent="#accordian" href="#Kids"&gt;
											&lt;span class="badge pull-right"&gt;&lt;i class="fa fa-plus"&gt;&lt;/i&gt;&lt;/span&gt;
											Kids
										&lt;/a&gt;
									&lt;/h4&gt;
								&lt;/div&gt;
								&lt;div id="Kids" class="panel-collapse collapse"&gt;
									&lt;div class="panel-body"&gt;
										&lt;ul&gt;
											
											&lt;li&gt;&lt;a href="/category_products/4"&gt;Dress &lt;/a&gt;&lt;/li&gt;
											
											&lt;li&gt;&lt;a href="/category_products/5"&gt;Tops &amp;amp; Shirts &lt;/a&gt;&lt;/li&gt;
											
										&lt;/ul&gt;
									&lt;/div&gt;
								&lt;/div&gt;
							&lt;/div&gt;
							
						&lt;/div&gt;
					
						&lt;div class="brands_products"&gt;
							&lt;h2&gt;Brands&lt;/h2&gt;
							&lt;div class="brands-name"&gt;
								&lt;ul class="nav nav-pills nav-stacked"&gt;
									
									&lt;li&gt;&lt;a href="/brand_products/Polo"&gt; &lt;span class="pull-right"&gt;(6)&lt;/span&gt;Polo&lt;/a&gt;&lt;/li&gt;
									
									&lt;li&gt;&lt;a href="/brand_products/H&amp;amp;M"&gt; &lt;span class="pull-right"&gt;(5)&lt;/span&gt;H&amp;amp;M&lt;/a&gt;&lt;/li&gt;
									
									&lt;li&gt;&lt;a href="/brand_products/Madame"&gt; &lt;span class="pull-right"&gt;(5)&lt;/span&gt;Madame&lt;/a&gt;&lt;/li&gt;
									
									&lt;li&gt;&lt;a href="/brand_products/Mast &amp;amp; Harbour"&gt; &lt;span class="pull-right"&gt;(3)&lt;/span&gt;Mast &amp;amp; Harbour&lt;/a&gt;&lt;/li&gt;
									
									&lt;li&gt;&lt;a href="/brand_products/Babyhug"&gt; &lt;span class="pull-right"&gt;(4)&lt;/span&gt;Babyhug&lt;/a&gt;&lt;/li&gt;
									
									&lt;li&gt;&lt;a href="/brand_products/Allen Solly Junior"&gt; &lt;span class="pull-right"&gt;(3)&lt;/span&gt;Allen Solly Junior&lt;/a&gt;&lt;/li&gt;
									
									&lt;li&gt;&lt;a href="/brand_products/Kookie Kids"&gt; &lt;span class="pull-right"&gt;(3)&lt;/span&gt;Kookie Kids&lt;/a&gt;&lt;/li&gt;
									
									&lt;li&gt;&lt;a href="/brand_products/Biba"&gt; &lt;span class="pull-right"&gt;(5)&lt;/span&gt;Biba&lt;/a&gt;&lt;/li&gt;... (set the log level to DEBUG or TRACE to see the full content) 
 </msg>
<msg time="2025-09-26T20:42:34.761347" level="INFO">${resp} = &lt;Response [200]&gt;</msg>
<var>${resp}</var>
<arg>ae</arg>
<arg>${path}</arg>
<arg>verify=${True}</arg>
<doc>Sends a GET request on a previously created HTTP Session.</doc>
<status status="PASS" start="2025-09-26T20:42:34.348878" elapsed="0.412540"/>
</kw>
<kw name="Get Time" owner="BuiltIn">
<msg time="2025-09-26T20:42:34.761948" level="INFO">${end} = 1758894154</msg>
<var>${end}</var>
<arg>epoch</arg>
<doc>Returns the given time in the requested format.</doc>
<status status="PASS" start="2025-09-26T20:42:34.761664" elapsed="0.000355"/>
</kw>
<kw name="Evaluate" owner="BuiltIn">
<msg time="2025-09-26T20:42:34.762452" level="INFO">${duration} = 0</msg>
<var>${duration}</var>
<arg>${end} - ${start}</arg>
<doc>Evaluates the given expression in Python and returns the result.</doc>
<status status="PASS" start="2025-09-26T20:42:34.762186" elapsed="0.000290"/>
</kw>
<kw name="Should Be Equal As Integers" owner="BuiltIn">
<msg time="2025-09-26T20:42:34.763005" level="INFO">Argument types are:
&lt;class 'int'&gt;
&lt;class 'str'&gt;</msg>
<arg>${resp.status_code}</arg>
<arg>200</arg>
<doc>Fails if objects are unequal after converting them to integers.</doc>
<status status="PASS" start="2025-09-26T20:42:34.762600" elapsed="0.000454"/>
</kw>
<kw name="Log" owner="BuiltIn">
<msg time="2025-09-26T20:42:34.763292" level="INFO">Response time for / = 0 seconds</msg>
<arg>Response time for ${path} = ${duration} seconds</arg>
<doc>Logs the given message with the given level.</doc>
<status status="PASS" start="2025-09-26T20:42:34.763140" elapsed="0.000185"/>
</kw>
<return>
<value>${duration}</value>
<status status="PASS" start="2025-09-26T20:42:34.763363" elapsed="0.000034"/>
</return>
<msg time="2025-09-26T20:42:34.763498" level="INFO">${d} = 0</msg>
<var>${d}</var>
<arg>/</arg>
<status status="PASS" start="2025-09-26T20:42:34.348218" elapsed="0.415300"/>
</kw>
<kw name="Append To List" owner="Collections">
<arg>${durations}</arg>
<arg>${d}</arg>
<doc>Adds ``values`` to the end of ``list``.</doc>
<status status="PASS" start="2025-09-26T20:42:34.763591" elapsed="0.000127"/>
</kw>
<var name="${i}">1</var>
<status status="PASS" start="2025-09-26T20:42:34.347983" elapsed="0.415802"/>
</iter>
<iter>
<kw name="Get Page And Measure Time" owner="performance_lib">
<kw name="Get Time" owner="BuiltIn">
<msg time="2025-09-26T20:42:34.764303" level="INFO">${start} = 1758894154</msg>
<var>${start}</var>
<arg>epoch</arg>
<doc>Returns the given time in the requested format.</doc>
<status status="PASS" start="2025-09-26T20:42:34.764177" elapsed="0.000147"/>
</kw>
<kw name="GET On Session" owner="RequestsLibrary">
<msg time="2025-09-26T20:42:35.160768" level="INFO">GET Request : url=https://automationexercise.com/ 
 path_url=/ 
 headers={'User-Agent': 'python-requests/2.32.5', 'Accept-Encoding': 'gzip, deflate', 'Accept': '*/*', 'Connection': 'keep-alive', 'Cookie': 'csrftoken=aIM2ZXAkr8jQ0vBLWVMPfRGbJSNYHEx84F7A2N6krUyFkv25HgF3m6PoWrLnBmnu'} 
 body=None 
 </msg>
<msg time="2025-09-26T20:42:35.160874" level="INFO">GET Response : url=https://automationexercise.com/ 
 status=200, reason=OK 
 headers={'Date': 'Fri, 26 Sep 2025 13:42:35 GMT', 'Content-Type': 'text/html; charset=utf-8', 'Transfer-Encoding': 'chunked', 'Connection': 'keep-alive', 'vary': 'Cookie,Accept-Encoding', 'referrer-policy': 'same-origin', 'x-frame-options': 'DENY', 'x-content-type-options': 'nosniff', 'x-powered-by': 'Phusion Passenger(R) 6.0.23', 'Nel': '{"report_to":"cf-nel","success_fraction":0.0,"max_age":604800}', 'status': '200 OK', 'Report-To': '{"group":"cf-nel","max_age":604800,"endpoints":[{"url":"https://a.nel.cloudflare.com/report/v4?s=i5F3wRzVs5KS%2F4T3GaUMAgO1WzAgr5AxDhI2Vt6nJPRN5%2B15EQdPeJKLZQde%2BPZ7VVXyDlN%2FKsDDwdaPNc3LalFiBMAzLbtq2GtQ3RTTql3RoR4MlN91WXPmADxk16S1eNk%3D"}]}', 'Server': 'cloudflare', 'cf-cache-status': 'DYNAMIC', 'Content-Encoding': 'gzip', 'Set-Cookie': 'csrftoken=aIM2ZXAkr8jQ0vBLWVMPfRGbJSNYHEx84F7A2N6krUyFkv25HgF3m6PoWrLnBmnu; SameSite=Lax; Path=/; Max-Age=31449600; Expires=Fri, 25 Sep 2026 13:42:35 GMT', 'CF-RAY': '98532f742f327b41-BKK', 'alt-svc': 'h3=":443"; ma=86400'} 
 body=&lt;!DOCTYPE html&gt;
&lt;html lang="en"&gt;
&lt;head&gt;
    &lt;meta charset="utf-8"&gt;
    &lt;meta name="viewport" content="width=device-width, initial-scale=1.0"&gt;
    &lt;meta name="description" content="This is for automation practice"&gt;
	&lt;meta name="robots" content="index"/&gt;
	&lt;meta name="keywords" content="Automation Exercise / Automation Practice / Practice website for automation / demo website for practice / dummy website for testing / testing website / dummy website for practice automation / API Testing / API automation"&gt;
	&lt;meta name="google-site-verification" content="VS1KtEV7m0Pp9MRMwCpyR7rGwUVYH6N8l1zoVepsGWs" /&gt;

    &lt;title&gt;Automation Exercise&lt;/title&gt;

	

    &lt;link href="/static/css/bootstrap.min.css" rel="stylesheet"&gt;
    &lt;link href="/static/css/font-awesome.min.css" rel="stylesheet"&gt;
    &lt;link href="/static/css/prettyPhoto.css" rel="stylesheet"&gt;
    &lt;link href="/static/css/animate.css" rel="stylesheet"&gt;
	&lt;link href="/static/css/main.css" rel="stylesheet"&gt;
	&lt;link href="/static/css/responsive.css" rel="stylesheet"&gt;
	&lt;link rel="stylesheet" href="https://fonts.googleapis.com/icon?family=Material+Icons"&gt;
	&lt;link href="/static/css/cart.css" rel="stylesheet"&gt;

    &lt;!--[if lt IE 9]&gt;
    &lt;script src="/static/js/html5.js"&gt;&lt;/script&gt;
    &lt;script src="/static/js/respond.min.js"&gt;&lt;/script&gt;
    &lt;![endif]--&gt;       
    &lt;link rel="shortcut icon" href="/static/images/home/short_logo.png"&gt;
    &lt;link rel="apple-touch-icon-precomposed" sizes="144x144" href="/static/images/ico/apple-touch-icon-144-precomposed.png"&gt;
    &lt;link rel="apple-touch-icon-precomposed" sizes="114x114" href="/static/images/ico/apple-touch-icon-114-precomposed.png"&gt;
    &lt;link rel="apple-touch-icon-precomposed" sizes="72x72" href="/static/images/ico/apple-touch-icon-72-precomposed.png"&gt;
    &lt;link rel="apple-touch-icon-precomposed" href="/static/images/ico/apple-touch-icon-57-precomposed.png"&gt;

	&lt;script async src="https://pagead2.googlesyndication.com/pagead/js/adsbygoogle.js?client=ca-pub-1677597403311019"
     crossorigin="anonymous"&gt;&lt;/script&gt;

&lt;/head&gt;

&lt;body&gt;

	&lt;header id="header"&gt;
		&lt;div class="header-middle"&gt;
			&lt;div class="container"&gt;
				&lt;div class="row"&gt;
					&lt;div class="col-sm-4"&gt;
						&lt;div class="logo pull-left"&gt;
							&lt;a href="/"&gt;&lt;img src="/static/images/home/logo.png" alt="Website for automation practice" /&gt;&lt;/a&gt;
						&lt;/div&gt;
					&lt;/div&gt;
					&lt;div class="col-sm-8"&gt;
						&lt;div class="shop-menu pull-right"&gt;
							&lt;ul class="nav navbar-nav"&gt;
								
								&lt;li&gt;&lt;a href="/" style="color: orange;"&gt;&lt;i class="fa fa-home"&gt;&lt;/i&gt; Home&lt;/a&gt;&lt;/li&gt;
								&lt;li&gt;&lt;a href="/products"&gt;&lt;i class="material-icons card_travel" style="font-size: 16px;"&gt;&amp;#xe8f8;&lt;/i&gt; Products&lt;/a&gt;&lt;/li&gt;
								&lt;li&gt;&lt;a href="/view_cart"&gt;&lt;i class="fa fa-shopping-cart"&gt;&lt;/i&gt; Cart&lt;/a&gt;&lt;/li&gt;
								
								&lt;li&gt;&lt;a href="/login"&gt;&lt;i class="fa fa-lock"&gt;&lt;/i&gt; Signup / Login&lt;/a&gt;&lt;/li&gt;
								
								&lt;li&gt;&lt;a href="/test_cases"&gt;&lt;i class="fa fa-list"&gt;&lt;/i&gt; Test Cases&lt;/a&gt;&lt;/li&gt;
								&lt;li&gt;&lt;a href="/api_list"&gt;&lt;i class="fa fa-list"&gt;&lt;/i&gt; API Testing&lt;/a&gt;&lt;/li&gt;
								&lt;li&gt;&lt;a href="https://www.youtube.com/c/AutomationExercise"&gt;&lt;i class="fa fa-youtube-play"&gt;&lt;/i&gt; Video Tutorials&lt;/a&gt;&lt;/li&gt;
								&lt;li&gt;&lt;a href="/contact_us"&gt;&lt;i class="fa fa-envelope"&gt;&lt;/i&gt; Contact us&lt;/a&gt;&lt;/li&gt;
								
							&lt;/ul&gt;
						&lt;/div&gt;
					&lt;/div&gt;
				&lt;/div&gt;
			&lt;/div&gt;
		&lt;/div&gt;
	&lt;/header&gt;
	
	&lt;section id="slider"&gt;
		&lt;div class="container"&gt;
			&lt;div class="row"&gt;
				&lt;div class="col-sm-12"&gt;
					&lt;div id="slider-carousel" class="carousel slide" data-ride="carousel"&gt;
						&lt;ol class="carousel-indicators"&gt;
							&lt;li data-target="#slider-carousel" data-slide-to="0" class="active"&gt;&lt;/li&gt;
							&lt;li data-target="#slider-carousel" data-slide-to="1"&gt;&lt;/li&gt;
							&lt;li data-target="#slider-carousel" data-slide-to="2"&gt;&lt;/li&gt;
						&lt;/ol&gt;
						
						&lt;div class="carousel-inner"&gt;
							&lt;div class="item active"&gt;
								&lt;div class="col-sm-6"&gt;
									&lt;h1&gt;&lt;span&gt;Automation&lt;/span&gt;Exercise&lt;/h1&gt;
									&lt;h2&gt;Full-Fledged practice website for Automation Engineers&lt;/h2&gt;
									&lt;p&gt;All QA engineers can use this website for automation practice and API testing either they are at beginner or advance level. This is for everybody to help them brush up their automation skills.&lt;/p&gt;
									&lt;a href="/test_cases" class="test_cases_list"&gt;&lt;button type="button" class="btn btn-success"&gt;Test Cases&lt;/button&gt;&lt;/a&gt;
									&lt;a href="/api_list" class="apis_list"&gt;&lt;button type="button" class="btn btn-success"&gt;APIs list for practice&lt;/button&gt;&lt;/a&gt;
								&lt;/div&gt;
								&lt;div class="col-sm-6"&gt;
									&lt;img src="/static/images/home/girl2.jpg" class="girl img-responsive" alt="demo website for practice" /&gt;
								&lt;/div&gt;
							&lt;/div&gt;
							&lt;div class="item"&gt;
								&lt;div class="col-sm-6"&gt;
									&lt;h1&gt;&lt;span&gt;Automation&lt;/span&gt;Exercise&lt;/h1&gt;
									&lt;h2&gt;Full-Fledged practice website for Automation Engineers&lt;/h2&gt;
									&lt;p&gt;All QA engineers can use this website for automation practice and API testing either they are at beginner or advance level. This is for everybody to help them brush up their automation skills.&lt;/p&gt;
									&lt;a href="/test_cases" class="test_cases_list"&gt;&lt;button type="button" class="btn btn-success"&gt;Test Cases&lt;/button&gt;&lt;/a&gt;
									&lt;a href="/api_list" class="apis_list"&gt;&lt;button type="button" class="btn btn-success"&gt;APIs list for practice&lt;/button&gt;&lt;/a&gt;
								&lt;/div&gt;
								&lt;div class="col-sm-6"&gt;
									&lt;img src="/static/images/home/girl1.jpg" class="girl img-responsive" alt="demo website for practice" /&gt;
								&lt;/div&gt;
							&lt;/div&gt;
							&lt;div class="item"&gt;
								&lt;div class="col-sm-6"&gt;
									&lt;h1&gt;&lt;span&gt;Automation&lt;/span&gt;Exercise&lt;/h1&gt;
									&lt;h2&gt;Full-Fledged practice website for Automation Engineers&lt;/h2&gt;
									&lt;p&gt;All QA engineers can use this website for automation practice and API testing either they are at beginner or advance level. This is for everybody to help them brush up their automation skills.&lt;/p&gt;
									&lt;a href="/test_cases" class="test_cases_list"&gt;&lt;button type="button" class="btn btn-success"&gt;Test Cases&lt;/button&gt;&lt;/a&gt;
									&lt;a href="/api_list" class="apis_list"&gt;&lt;button type="button" class="btn btn-success"&gt;APIs list for practice&lt;/button&gt;&lt;/a&gt;
								&lt;/div&gt;
								&lt;div class="col-sm-6"&gt;
									&lt;img src="/static/images/home/girl3.jpg" class="girl img-responsive" alt="demo website for practice" /&gt;
								&lt;/div&gt;
							&lt;/div&gt;
							
						&lt;/div&gt;
						
						&lt;a href="#slider-carousel" class="left control-carousel hidden-xs" data-slide="prev"&gt;
							&lt;i class="fa fa-angle-left"&gt;&lt;/i&gt;
						&lt;/a&gt;
						&lt;a href="#slider-carousel" class="right control-carousel hidden-xs" data-slide="next"&gt;
							&lt;i class="fa fa-angle-right"&gt;&lt;/i&gt;
						&lt;/a&gt;
					&lt;/div&gt;
					
				&lt;/div&gt;
			&lt;/div&gt;
		&lt;/div&gt;
	&lt;/section&gt;
	
	&lt;section&gt;
		&lt;div class="container"&gt;
			&lt;div class="row"&gt;
				&lt;div class="col-sm-3"&gt;
					&lt;div class="left-sidebar"&gt;
						&lt;h2&gt;Category&lt;/h2&gt;
						&lt;div class="panel-group category-products" id="accordian"&gt;
							
							&lt;div class="panel panel-default"&gt;
								&lt;div class="panel-heading"&gt;
									&lt;h4 class="panel-title"&gt;
										&lt;a data-toggle="collapse" data-parent="#accordian" href="#Women"&gt;
											&lt;span class="badge pull-right"&gt;&lt;i class="fa fa-plus"&gt;&lt;/i&gt;&lt;/span&gt;
											Women
										&lt;/a&gt;
									&lt;/h4&gt;
								&lt;/div&gt;
								&lt;div id="Women" class="panel-collapse collapse"&gt;
									&lt;div class="panel-body"&gt;
										&lt;ul&gt;
											
											&lt;li&gt;&lt;a href="/category_products/1"&gt;Dress &lt;/a&gt;&lt;/li&gt;
											
											&lt;li&gt;&lt;a href="/category_products/2"&gt;Tops &lt;/a&gt;&lt;/li&gt;
											
											&lt;li&gt;&lt;a href="/category_products/7"&gt;Saree &lt;/a&gt;&lt;/li&gt;
											
										&lt;/ul&gt;
									&lt;/div&gt;
								&lt;/div&gt;
							&lt;/div&gt;
							
							&lt;div class="panel panel-default"&gt;
								&lt;div class="panel-heading"&gt;
									&lt;h4 class="panel-title"&gt;
										&lt;a data-toggle="collapse" data-parent="#accordian" href="#Men"&gt;
											&lt;span class="badge pull-right"&gt;&lt;i class="fa fa-plus"&gt;&lt;/i&gt;&lt;/span&gt;
											Men
										&lt;/a&gt;
									&lt;/h4&gt;
								&lt;/div&gt;
								&lt;div id="Men" class="panel-collapse collapse"&gt;
									&lt;div class="panel-body"&gt;
										&lt;ul&gt;
											
											&lt;li&gt;&lt;a href="/category_products/3"&gt;Tshirts &lt;/a&gt;&lt;/li&gt;
											
											&lt;li&gt;&lt;a href="/category_products/6"&gt;Jeans &lt;/a&gt;&lt;/li&gt;
											
										&lt;/ul&gt;
									&lt;/div&gt;
								&lt;/div&gt;
							&lt;/div&gt;
							
							&lt;div class="panel panel-default"&gt;
								&lt;div class="panel-heading"&gt;
									&lt;h4 class="panel-title"&gt;
										&lt;a data-toggle="collapse" data-parent="#accordian" href="#Kids"&gt;
											&lt;span class="badge pull-right"&gt;&lt;i class="fa fa-plus"&gt;&lt;/i&gt;&lt;/span&gt;
											Kids
										&lt;/a&gt;
									&lt;/h4&gt;
								&lt;/div&gt;
								&lt;div id="Kids" class="panel-collapse collapse"&gt;
									&lt;div class="panel-body"&gt;
										&lt;ul&gt;
											
											&lt;li&gt;&lt;a href="/category_products/4"&gt;Dress &lt;/a&gt;&lt;/li&gt;
											
											&lt;li&gt;&lt;a href="/category_products/5"&gt;Tops &amp;amp; Shirts &lt;/a&gt;&lt;/li&gt;
											
										&lt;/ul&gt;
									&lt;/div&gt;
								&lt;/div&gt;
							&lt;/div&gt;
							
						&lt;/div&gt;
					
						&lt;div class="brands_products"&gt;
							&lt;h2&gt;Brands&lt;/h2&gt;
							&lt;div class="brands-name"&gt;
								&lt;ul class="nav nav-pills nav-stacked"&gt;
									
									&lt;li&gt;&lt;a href="/brand_products/Polo"&gt; &lt;span class="pull-right"&gt;(6)&lt;/span&gt;Polo&lt;/a&gt;&lt;/li&gt;
									
									&lt;li&gt;&lt;a href="/brand_products/H&amp;amp;M"&gt; &lt;span class="pull-right"&gt;(5)&lt;/span&gt;H&amp;amp;M&lt;/a&gt;&lt;/li&gt;
									
									&lt;li&gt;&lt;a href="/brand_products/Madame"&gt; &lt;span class="pull-right"&gt;(5)&lt;/span&gt;Madame&lt;/a&gt;&lt;/li&gt;
									
									&lt;li&gt;&lt;a href="/brand_products/Mast &amp;amp; Harbour"&gt; &lt;span class="pull-right"&gt;(3)&lt;/span&gt;Mast &amp;amp; Harbour&lt;/a&gt;&lt;/li&gt;
									
									&lt;li&gt;&lt;a href="/brand_products/Babyhug"&gt; &lt;span class="pull-right"&gt;(4)&lt;/span&gt;Babyhug&lt;/a&gt;&lt;/li&gt;
									
									&lt;li&gt;&lt;a href="/brand_products/Allen Solly Junior"&gt; &lt;span class="pull-right"&gt;(3)&lt;/span&gt;Allen Solly Junior&lt;/a&gt;&lt;/li&gt;
									
									&lt;li&gt;&lt;a href="/brand_products/Kookie Kids"&gt; &lt;span class="pull-right"&gt;(3)&lt;/span&gt;Kookie Kids&lt;/a&gt;&lt;/li&gt;
									
									&lt;li&gt;&lt;a href="/brand_products/Biba"&gt; &lt;span class="pull-right"&gt;(5)&lt;/span&gt;Biba&lt;/a&gt;&lt;/li&gt;... (set the log level to DEBUG or TRACE to see the full content) 
 </msg>
<msg time="2025-09-26T20:42:35.161205" level="INFO">${resp} = &lt;Response [200]&gt;</msg>
<var>${resp}</var>
<arg>ae</arg>
<arg>${path}</arg>
<arg>verify=${True}</arg>
<doc>Sends a GET request on a previously created HTTP Session.</doc>
<status status="PASS" start="2025-09-26T20:42:34.764397" elapsed="0.396833"/>
</kw>
<kw name="Get Time" owner="BuiltIn">
<msg time="2025-09-26T20:42:35.161599" level="INFO">${end} = 1758894155</msg>
<var>${end}</var>
<arg>epoch</arg>
<doc>Returns the given time in the requested format.</doc>
<status status="PASS" start="2025-09-26T20:42:35.161381" elapsed="0.000239"/>
</kw>
<kw name="Evaluate" owner="BuiltIn">
<msg time="2025-09-26T20:42:35.161974" level="INFO">${duration} = 1</msg>
<var>${duration}</var>
<arg>${end} - ${start}</arg>
<doc>Evaluates the given expression in Python and returns the result.</doc>
<status status="PASS" start="2025-09-26T20:42:35.161736" elapsed="0.000279"/>
</kw>
<kw name="Should Be Equal As Integers" owner="BuiltIn">
<msg time="2025-09-26T20:42:35.162496" level="INFO">Argument types are:
&lt;class 'int'&gt;
&lt;class 'str'&gt;</msg>
<arg>${resp.status_code}</arg>
<arg>200</arg>
<doc>Fails if objects are unequal after converting them to integers.</doc>
<status status="PASS" start="2025-09-26T20:42:35.162149" elapsed="0.000394"/>
</kw>
<kw name="Log" owner="BuiltIn">
<msg time="2025-09-26T20:42:35.162821" level="INFO">Response time for / = 1 seconds</msg>
<arg>Response time for ${path} = ${duration} seconds</arg>
<doc>Logs the given message with the given level.</doc>
<status status="PASS" start="2025-09-26T20:42:35.162623" elapsed="0.000232"/>
</kw>
<return>
<value>${duration}</value>
<status status="PASS" start="2025-09-26T20:42:35.162892" elapsed="0.000027"/>
</return>
<msg time="2025-09-26T20:42:35.163016" level="INFO">${d} = 1</msg>
<var>${d}</var>
<arg>/</arg>
<status status="PASS" start="2025-09-26T20:42:34.763985" elapsed="0.399050"/>
</kw>
<kw name="Append To List" owner="Collections">
<arg>${durations}</arg>
<arg>${d}</arg>
<doc>Adds ``values`` to the end of ``list``.</doc>
<status status="PASS" start="2025-09-26T20:42:35.163106" elapsed="0.000112"/>
</kw>
<var name="${i}">2</var>
<status status="PASS" start="2025-09-26T20:42:34.763871" elapsed="0.399375"/>
</iter>
<iter>
<kw name="Get Page And Measure Time" owner="performance_lib">
<kw name="Get Time" owner="BuiltIn">
<msg time="2025-09-26T20:42:35.163757" level="INFO">${start} = 1758894155</msg>
<var>${start}</var>
<arg>epoch</arg>
<doc>Returns the given time in the requested format.</doc>
<status status="PASS" start="2025-09-26T20:42:35.163624" elapsed="0.000153"/>
</kw>
<kw name="GET On Session" owner="RequestsLibrary">
<msg time="2025-09-26T20:42:35.461041" level="INFO">GET Request : url=https://automationexercise.com/ 
 path_url=/ 
 headers={'User-Agent': 'python-requests/2.32.5', 'Accept-Encoding': 'gzip, deflate', 'Accept': '*/*', 'Connection': 'keep-alive', 'Cookie': 'csrftoken=aIM2ZXAkr8jQ0vBLWVMPfRGbJSNYHEx84F7A2N6krUyFkv25HgF3m6PoWrLnBmnu'} 
 body=None 
 </msg>
<msg time="2025-09-26T20:42:35.461164" level="INFO">GET Response : url=https://automationexercise.com/ 
 status=200, reason=OK 
 headers={'Date': 'Fri, 26 Sep 2025 13:42:35 GMT', 'Content-Type': 'text/html; charset=utf-8', 'Transfer-Encoding': 'chunked', 'Connection': 'keep-alive', 'vary': 'Cookie,Accept-Encoding', 'referrer-policy': 'same-origin', 'x-frame-options': 'DENY', 'x-content-type-options': 'nosniff', 'x-powered-by': 'Phusion Passenger(R) 6.0.23', 'Nel': '{"report_to":"cf-nel","success_fraction":0.0,"max_age":604800}', 'status': '200 OK', 'Report-To': '{"group":"cf-nel","max_age":604800,"endpoints":[{"url":"https://a.nel.cloudflare.com/report/v4?s=Tp6guQgXJEnEn%2B48xjSDIRtaL2DLkEG70nq%2BdUtuN7O1%2FH6CyEBy3ULUXmzkIeyuNue8GA0nHi%2BjlGX4WMN1FH9z6V%2BAfKN5IAfTmZKpM1TbR85FAHZseZhU5EReU0v36ho%3D"}]}', 'Server': 'cloudflare', 'cf-cache-status': 'DYNAMIC', 'Content-Encoding': 'gzip', 'Set-Cookie': 'csrftoken=aIM2ZXAkr8jQ0vBLWVMPfRGbJSNYHEx84F7A2N6krUyFkv25HgF3m6PoWrLnBmnu; SameSite=Lax; Path=/; Max-Age=31449600; Expires=Fri, 25 Sep 2026 13:42:35 GMT', 'CF-RAY': '98532f76a8277b41-BKK', 'alt-svc': 'h3=":443"; ma=86400'} 
 body=&lt;!DOCTYPE html&gt;
&lt;html lang="en"&gt;
&lt;head&gt;
    &lt;meta charset="utf-8"&gt;
    &lt;meta name="viewport" content="width=device-width, initial-scale=1.0"&gt;
    &lt;meta name="description" content="This is for automation practice"&gt;
	&lt;meta name="robots" content="index"/&gt;
	&lt;meta name="keywords" content="Automation Exercise / Automation Practice / Practice website for automation / demo website for practice / dummy website for testing / testing website / dummy website for practice automation / API Testing / API automation"&gt;
	&lt;meta name="google-site-verification" content="VS1KtEV7m0Pp9MRMwCpyR7rGwUVYH6N8l1zoVepsGWs" /&gt;

    &lt;title&gt;Automation Exercise&lt;/title&gt;

	

    &lt;link href="/static/css/bootstrap.min.css" rel="stylesheet"&gt;
    &lt;link href="/static/css/font-awesome.min.css" rel="stylesheet"&gt;
    &lt;link href="/static/css/prettyPhoto.css" rel="stylesheet"&gt;
    &lt;link href="/static/css/animate.css" rel="stylesheet"&gt;
	&lt;link href="/static/css/main.css" rel="stylesheet"&gt;
	&lt;link href="/static/css/responsive.css" rel="stylesheet"&gt;
	&lt;link rel="stylesheet" href="https://fonts.googleapis.com/icon?family=Material+Icons"&gt;
	&lt;link href="/static/css/cart.css" rel="stylesheet"&gt;

    &lt;!--[if lt IE 9]&gt;
    &lt;script src="/static/js/html5.js"&gt;&lt;/script&gt;
    &lt;script src="/static/js/respond.min.js"&gt;&lt;/script&gt;
    &lt;![endif]--&gt;       
    &lt;link rel="shortcut icon" href="/static/images/home/short_logo.png"&gt;
    &lt;link rel="apple-touch-icon-precomposed" sizes="144x144" href="/static/images/ico/apple-touch-icon-144-precomposed.png"&gt;
    &lt;link rel="apple-touch-icon-precomposed" sizes="114x114" href="/static/images/ico/apple-touch-icon-114-precomposed.png"&gt;
    &lt;link rel="apple-touch-icon-precomposed" sizes="72x72" href="/static/images/ico/apple-touch-icon-72-precomposed.png"&gt;
    &lt;link rel="apple-touch-icon-precomposed" href="/static/images/ico/apple-touch-icon-57-precomposed.png"&gt;

	&lt;script async src="https://pagead2.googlesyndication.com/pagead/js/adsbygoogle.js?client=ca-pub-1677597403311019"
     crossorigin="anonymous"&gt;&lt;/script&gt;

&lt;/head&gt;

&lt;body&gt;

	&lt;header id="header"&gt;
		&lt;div class="header-middle"&gt;
			&lt;div class="container"&gt;
				&lt;div class="row"&gt;
					&lt;div class="col-sm-4"&gt;
						&lt;div class="logo pull-left"&gt;
							&lt;a href="/"&gt;&lt;img src="/static/images/home/logo.png" alt="Website for automation practice" /&gt;&lt;/a&gt;
						&lt;/div&gt;
					&lt;/div&gt;
					&lt;div class="col-sm-8"&gt;
						&lt;div class="shop-menu pull-right"&gt;
							&lt;ul class="nav navbar-nav"&gt;
								
								&lt;li&gt;&lt;a href="/" style="color: orange;"&gt;&lt;i class="fa fa-home"&gt;&lt;/i&gt; Home&lt;/a&gt;&lt;/li&gt;
								&lt;li&gt;&lt;a href="/products"&gt;&lt;i class="material-icons card_travel" style="font-size: 16px;"&gt;&amp;#xe8f8;&lt;/i&gt; Products&lt;/a&gt;&lt;/li&gt;
								&lt;li&gt;&lt;a href="/view_cart"&gt;&lt;i class="fa fa-shopping-cart"&gt;&lt;/i&gt; Cart&lt;/a&gt;&lt;/li&gt;
								
								&lt;li&gt;&lt;a href="/login"&gt;&lt;i class="fa fa-lock"&gt;&lt;/i&gt; Signup / Login&lt;/a&gt;&lt;/li&gt;
								
								&lt;li&gt;&lt;a href="/test_cases"&gt;&lt;i class="fa fa-list"&gt;&lt;/i&gt; Test Cases&lt;/a&gt;&lt;/li&gt;
								&lt;li&gt;&lt;a href="/api_list"&gt;&lt;i class="fa fa-list"&gt;&lt;/i&gt; API Testing&lt;/a&gt;&lt;/li&gt;
								&lt;li&gt;&lt;a href="https://www.youtube.com/c/AutomationExercise"&gt;&lt;i class="fa fa-youtube-play"&gt;&lt;/i&gt; Video Tutorials&lt;/a&gt;&lt;/li&gt;
								&lt;li&gt;&lt;a href="/contact_us"&gt;&lt;i class="fa fa-envelope"&gt;&lt;/i&gt; Contact us&lt;/a&gt;&lt;/li&gt;
								
							&lt;/ul&gt;
						&lt;/div&gt;
					&lt;/div&gt;
				&lt;/div&gt;
			&lt;/div&gt;
		&lt;/div&gt;
	&lt;/header&gt;
	
	&lt;section id="slider"&gt;
		&lt;div class="container"&gt;
			&lt;div class="row"&gt;
				&lt;div class="col-sm-12"&gt;
					&lt;div id="slider-carousel" class="carousel slide" data-ride="carousel"&gt;
						&lt;ol class="carousel-indicators"&gt;
							&lt;li data-target="#slider-carousel" data-slide-to="0" class="active"&gt;&lt;/li&gt;
							&lt;li data-target="#slider-carousel" data-slide-to="1"&gt;&lt;/li&gt;
							&lt;li data-target="#slider-carousel" data-slide-to="2"&gt;&lt;/li&gt;
						&lt;/ol&gt;
						
						&lt;div class="carousel-inner"&gt;
							&lt;div class="item active"&gt;
								&lt;div class="col-sm-6"&gt;
									&lt;h1&gt;&lt;span&gt;Automation&lt;/span&gt;Exercise&lt;/h1&gt;
									&lt;h2&gt;Full-Fledged practice website for Automation Engineers&lt;/h2&gt;
									&lt;p&gt;All QA engineers can use this website for automation practice and API testing either they are at beginner or advance level. This is for everybody to help them brush up their automation skills.&lt;/p&gt;
									&lt;a href="/test_cases" class="test_cases_list"&gt;&lt;button type="button" class="btn btn-success"&gt;Test Cases&lt;/button&gt;&lt;/a&gt;
									&lt;a href="/api_list" class="apis_list"&gt;&lt;button type="button" class="btn btn-success"&gt;APIs list for practice&lt;/button&gt;&lt;/a&gt;
								&lt;/div&gt;
								&lt;div class="col-sm-6"&gt;
									&lt;img src="/static/images/home/girl2.jpg" class="girl img-responsive" alt="demo website for practice" /&gt;
								&lt;/div&gt;
							&lt;/div&gt;
							&lt;div class="item"&gt;
								&lt;div class="col-sm-6"&gt;
									&lt;h1&gt;&lt;span&gt;Automation&lt;/span&gt;Exercise&lt;/h1&gt;
									&lt;h2&gt;Full-Fledged practice website for Automation Engineers&lt;/h2&gt;
									&lt;p&gt;All QA engineers can use this website for automation practice and API testing either they are at beginner or advance level. This is for everybody to help them brush up their automation skills.&lt;/p&gt;
									&lt;a href="/test_cases" class="test_cases_list"&gt;&lt;button type="button" class="btn btn-success"&gt;Test Cases&lt;/button&gt;&lt;/a&gt;
									&lt;a href="/api_list" class="apis_list"&gt;&lt;button type="button" class="btn btn-success"&gt;APIs list for practice&lt;/button&gt;&lt;/a&gt;
								&lt;/div&gt;
								&lt;div class="col-sm-6"&gt;
									&lt;img src="/static/images/home/girl1.jpg" class="girl img-responsive" alt="demo website for practice" /&gt;
								&lt;/div&gt;
							&lt;/div&gt;
							&lt;div class="item"&gt;
								&lt;div class="col-sm-6"&gt;
									&lt;h1&gt;&lt;span&gt;Automation&lt;/span&gt;Exercise&lt;/h1&gt;
									&lt;h2&gt;Full-Fledged practice website for Automation Engineers&lt;/h2&gt;
									&lt;p&gt;All QA engineers can use this website for automation practice and API testing either they are at beginner or advance level. This is for everybody to help them brush up their automation skills.&lt;/p&gt;
									&lt;a href="/test_cases" class="test_cases_list"&gt;&lt;button type="button" class="btn btn-success"&gt;Test Cases&lt;/button&gt;&lt;/a&gt;
									&lt;a href="/api_list" class="apis_list"&gt;&lt;button type="button" class="btn btn-success"&gt;APIs list for practice&lt;/button&gt;&lt;/a&gt;
								&lt;/div&gt;
								&lt;div class="col-sm-6"&gt;
									&lt;img src="/static/images/home/girl3.jpg" class="girl img-responsive" alt="demo website for practice" /&gt;
								&lt;/div&gt;
							&lt;/div&gt;
							
						&lt;/div&gt;
						
						&lt;a href="#slider-carousel" class="left control-carousel hidden-xs" data-slide="prev"&gt;
							&lt;i class="fa fa-angle-left"&gt;&lt;/i&gt;
						&lt;/a&gt;
						&lt;a href="#slider-carousel" class="right control-carousel hidden-xs" data-slide="next"&gt;
							&lt;i class="fa fa-angle-right"&gt;&lt;/i&gt;
						&lt;/a&gt;
					&lt;/div&gt;
					
				&lt;/div&gt;
			&lt;/div&gt;
		&lt;/div&gt;
	&lt;/section&gt;
	
	&lt;section&gt;
		&lt;div class="container"&gt;
			&lt;div class="row"&gt;
				&lt;div class="col-sm-3"&gt;
					&lt;div class="left-sidebar"&gt;
						&lt;h2&gt;Category&lt;/h2&gt;
						&lt;div class="panel-group category-products" id="accordian"&gt;
							
							&lt;div class="panel panel-default"&gt;
								&lt;div class="panel-heading"&gt;
									&lt;h4 class="panel-title"&gt;
										&lt;a data-toggle="collapse" data-parent="#accordian" href="#Women"&gt;
											&lt;span class="badge pull-right"&gt;&lt;i class="fa fa-plus"&gt;&lt;/i&gt;&lt;/span&gt;
											Women
										&lt;/a&gt;
									&lt;/h4&gt;
								&lt;/div&gt;
								&lt;div id="Women" class="panel-collapse collapse"&gt;
									&lt;div class="panel-body"&gt;
										&lt;ul&gt;
											
											&lt;li&gt;&lt;a href="/category_products/1"&gt;Dress &lt;/a&gt;&lt;/li&gt;
											
											&lt;li&gt;&lt;a href="/category_products/2"&gt;Tops &lt;/a&gt;&lt;/li&gt;
											
											&lt;li&gt;&lt;a href="/category_products/7"&gt;Saree &lt;/a&gt;&lt;/li&gt;
											
										&lt;/ul&gt;
									&lt;/div&gt;
								&lt;/div&gt;
							&lt;/div&gt;
							
							&lt;div class="panel panel-default"&gt;
								&lt;div class="panel-heading"&gt;
									&lt;h4 class="panel-title"&gt;
										&lt;a data-toggle="collapse" data-parent="#accordian" href="#Men"&gt;
											&lt;span class="badge pull-right"&gt;&lt;i class="fa fa-plus"&gt;&lt;/i&gt;&lt;/span&gt;
											Men
										&lt;/a&gt;
									&lt;/h4&gt;
								&lt;/div&gt;
								&lt;div id="Men" class="panel-collapse collapse"&gt;
									&lt;div class="panel-body"&gt;
										&lt;ul&gt;
											
											&lt;li&gt;&lt;a href="/category_products/3"&gt;Tshirts &lt;/a&gt;&lt;/li&gt;
											
											&lt;li&gt;&lt;a href="/category_products/6"&gt;Jeans &lt;/a&gt;&lt;/li&gt;
											
										&lt;/ul&gt;
									&lt;/div&gt;
								&lt;/div&gt;
							&lt;/div&gt;
							
							&lt;div class="panel panel-default"&gt;
								&lt;div class="panel-heading"&gt;
									&lt;h4 class="panel-title"&gt;
										&lt;a data-toggle="collapse" data-parent="#accordian" href="#Kids"&gt;
											&lt;span class="badge pull-right"&gt;&lt;i class="fa fa-plus"&gt;&lt;/i&gt;&lt;/span&gt;
											Kids
										&lt;/a&gt;
									&lt;/h4&gt;
								&lt;/div&gt;
								&lt;div id="Kids" class="panel-collapse collapse"&gt;
									&lt;div class="panel-body"&gt;
										&lt;ul&gt;
											
											&lt;li&gt;&lt;a href="/category_products/4"&gt;Dress &lt;/a&gt;&lt;/li&gt;
											
											&lt;li&gt;&lt;a href="/category_products/5"&gt;Tops &amp;amp; Shirts &lt;/a&gt;&lt;/li&gt;
											
										&lt;/ul&gt;
									&lt;/div&gt;
								&lt;/div&gt;
							&lt;/div&gt;
							
						&lt;/div&gt;
					
						&lt;div class="brands_products"&gt;
							&lt;h2&gt;Brands&lt;/h2&gt;
							&lt;div class="brands-name"&gt;
								&lt;ul class="nav nav-pills nav-stacked"&gt;
									
									&lt;li&gt;&lt;a href="/brand_products/Polo"&gt; &lt;span class="pull-right"&gt;(6)&lt;/span&gt;Polo&lt;/a&gt;&lt;/li&gt;
									
									&lt;li&gt;&lt;a href="/brand_products/H&amp;amp;M"&gt; &lt;span class="pull-right"&gt;(5)&lt;/span&gt;H&amp;amp;M&lt;/a&gt;&lt;/li&gt;
									
									&lt;li&gt;&lt;a href="/brand_products/Madame"&gt; &lt;span class="pull-right"&gt;(5)&lt;/span&gt;Madame&lt;/a&gt;&lt;/li&gt;
									
									&lt;li&gt;&lt;a href="/brand_products/Mast &amp;amp; Harbour"&gt; &lt;span class="pull-right"&gt;(3)&lt;/span&gt;Mast &amp;amp; Harbour&lt;/a&gt;&lt;/li&gt;
									
									&lt;li&gt;&lt;a href="/brand_products/Babyhug"&gt; &lt;span class="pull-right"&gt;(4)&lt;/span&gt;Babyhug&lt;/a&gt;&lt;/li&gt;
									
									&lt;li&gt;&lt;a href="/brand_products/Allen Solly Junior"&gt; &lt;span class="pull-right"&gt;(3)&lt;/span&gt;Allen Solly Junior&lt;/a&gt;&lt;/li&gt;
									
									&lt;li&gt;&lt;a href="/brand_products/Kookie Kids"&gt; &lt;span class="pull-right"&gt;(3)&lt;/span&gt;Kookie Kids&lt;/a&gt;&lt;/li&gt;
									
									&lt;li&gt;&lt;a href="/brand_products/Biba"&gt; &lt;span class="pull-right"&gt;(5)&lt;/span&gt;Biba&lt;/a&gt;&lt;/li&gt;... (set the log level to DEBUG or TRACE to see the full content) 
 </msg>
<msg time="2025-09-26T20:42:35.461452" level="INFO">${resp} = &lt;Response [200]&gt;</msg>
<var>${resp}</var>
<arg>ae</arg>
<arg>${path}</arg>
<arg>verify=${True}</arg>
<doc>Sends a GET request on a previously created HTTP Session.</doc>
<status status="PASS" start="2025-09-26T20:42:35.163849" elapsed="0.297628"/>
</kw>
<kw name="Get Time" owner="BuiltIn">
<msg time="2025-09-26T20:42:35.461874" level="INFO">${end} = 1758894155</msg>
<var>${end}</var>
<arg>epoch</arg>
<doc>Returns the given time in the requested format.</doc>
<status status="PASS" start="2025-09-26T20:42:35.461617" elapsed="0.000277"/>
</kw>
<kw name="Evaluate" owner="BuiltIn">
<msg time="2025-09-26T20:42:35.462260" level="INFO">${duration} = 0</msg>
<var>${duration}</var>
<arg>${end} - ${start}</arg>
<doc>Evaluates the given expression in Python and returns the result.</doc>
<status status="PASS" start="2025-09-26T20:42:35.462012" elapsed="0.000269"/>
</kw>
<kw name="Should Be Equal As Integers" owner="BuiltIn">
<msg time="2025-09-26T20:42:35.462846" level="INFO">Argument types are:
&lt;class 'int'&gt;
&lt;class 'str'&gt;</msg>
<arg>${resp.status_code}</arg>
<arg>200</arg>
<doc>Fails if objects are unequal after converting them to integers.</doc>
<status status="PASS" start="2025-09-26T20:42:35.462357" elapsed="0.000537"/>
</kw>
<kw name="Log" owner="BuiltIn">
<msg time="2025-09-26T20:42:35.463124" level="INFO">Response time for / = 0 seconds</msg>
<arg>Response time for ${path} = ${duration} seconds</arg>
<doc>Logs the given message with the given level.</doc>
<status status="PASS" start="2025-09-26T20:42:35.462977" elapsed="0.000181"/>
</kw>
<return>
<value>${duration}</value>
<status status="PASS" start="2025-09-26T20:42:35.463194" elapsed="0.000030"/>
</return>
<msg time="2025-09-26T20:42:35.463345" level="INFO">${d} = 0</msg>
<var>${d}</var>
<arg>/</arg>
<status status="PASS" start="2025-09-26T20:42:35.163435" elapsed="0.299931"/>
</kw>
<kw name="Append To List" owner="Collections">
<arg>${durations}</arg>
<arg>${d}</arg>
<doc>Adds ``values`` to the end of ``list``.</doc>
<status status="PASS" start="2025-09-26T20:42:35.463484" elapsed="0.000118"/>
</kw>
<var name="${i}">3</var>
<status status="PASS" start="2025-09-26T20:42:35.163325" elapsed="0.300306"/>
</iter>
<iter>
<kw name="Get Page And Measure Time" owner="performance_lib">
<kw name="Get Time" owner="BuiltIn">
<msg time="2025-09-26T20:42:35.464203" level="INFO">${start} = 1758894155</msg>
<var>${start}</var>
<arg>epoch</arg>
<doc>Returns the given time in the requested format.</doc>
<status status="PASS" start="2025-09-26T20:42:35.464070" elapsed="0.000153"/>
</kw>
<kw name="GET On Session" owner="RequestsLibrary">
<msg time="2025-09-26T20:42:35.780669" level="INFO">GET Request : url=https://automationexercise.com/ 
 path_url=/ 
 headers={'User-Agent': 'python-requests/2.32.5', 'Accept-Encoding': 'gzip, deflate', 'Accept': '*/*', 'Connection': 'keep-alive', 'Cookie': 'csrftoken=aIM2ZXAkr8jQ0vBLWVMPfRGbJSNYHEx84F7A2N6krUyFkv25HgF3m6PoWrLnBmnu'} 
 body=None 
 </msg>
<msg time="2025-09-26T20:42:35.780823" level="INFO">GET Response : url=https://automationexercise.com/ 
 status=200, reason=OK 
 headers={'Date': 'Fri, 26 Sep 2025 13:42:35 GMT', 'Content-Type': 'text/html; charset=utf-8', 'Transfer-Encoding': 'chunked', 'Connection': 'keep-alive', 'vary': 'Cookie,Accept-Encoding', 'referrer-policy': 'same-origin', 'x-frame-options': 'DENY', 'x-content-type-options': 'nosniff', 'x-powered-by': 'Phusion Passenger(R) 6.0.23', 'Nel': '{"report_to":"cf-nel","success_fraction":0.0,"max_age":604800}', 'status': '200 OK', 'Report-To': '{"group":"cf-nel","max_age":604800,"endpoints":[{"url":"https://a.nel.cloudflare.com/report/v4?s=GX%2FSs95zYXqGCfvYpZfCn5e6MwXmyFZoFvLehrPiyPEPdN%2FDX5sCYzFSBW40MmmJh6aRzTruAbI49zLt%2FYJahmu07D33xZ9UVXweTmQXb%2FKk2OFrwQ9RrU%2B4WXAtBMlUn8E%3D"}]}', 'Server': 'cloudflare', 'cf-cache-status': 'DYNAMIC', 'Content-Encoding': 'gzip', 'Set-Cookie': 'csrftoken=aIM2ZXAkr8jQ0vBLWVMPfRGbJSNYHEx84F7A2N6krUyFkv25HgF3m6PoWrLnBmnu; SameSite=Lax; Path=/; Max-Age=31449600; Expires=Fri, 25 Sep 2026 13:42:35 GMT', 'CF-RAY': '98532f787dbc7b41-BKK', 'alt-svc': 'h3=":443"; ma=86400'} 
 body=&lt;!DOCTYPE html&gt;
&lt;html lang="en"&gt;
&lt;head&gt;
    &lt;meta charset="utf-8"&gt;
    &lt;meta name="viewport" content="width=device-width, initial-scale=1.0"&gt;
    &lt;meta name="description" content="This is for automation practice"&gt;
	&lt;meta name="robots" content="index"/&gt;
	&lt;meta name="keywords" content="Automation Exercise / Automation Practice / Practice website for automation / demo website for practice / dummy website for testing / testing website / dummy website for practice automation / API Testing / API automation"&gt;
	&lt;meta name="google-site-verification" content="VS1KtEV7m0Pp9MRMwCpyR7rGwUVYH6N8l1zoVepsGWs" /&gt;

    &lt;title&gt;Automation Exercise&lt;/title&gt;

	

    &lt;link href="/static/css/bootstrap.min.css" rel="stylesheet"&gt;
    &lt;link href="/static/css/font-awesome.min.css" rel="stylesheet"&gt;
    &lt;link href="/static/css/prettyPhoto.css" rel="stylesheet"&gt;
    &lt;link href="/static/css/animate.css" rel="stylesheet"&gt;
	&lt;link href="/static/css/main.css" rel="stylesheet"&gt;
	&lt;link href="/static/css/responsive.css" rel="stylesheet"&gt;
	&lt;link rel="stylesheet" href="https://fonts.googleapis.com/icon?family=Material+Icons"&gt;
	&lt;link href="/static/css/cart.css" rel="stylesheet"&gt;

    &lt;!--[if lt IE 9]&gt;
    &lt;script src="/static/js/html5.js"&gt;&lt;/script&gt;
    &lt;script src="/static/js/respond.min.js"&gt;&lt;/script&gt;
    &lt;![endif]--&gt;       
    &lt;link rel="shortcut icon" href="/static/images/home/short_logo.png"&gt;
    &lt;link rel="apple-touch-icon-precomposed" sizes="144x144" href="/static/images/ico/apple-touch-icon-144-precomposed.png"&gt;
    &lt;link rel="apple-touch-icon-precomposed" sizes="114x114" href="/static/images/ico/apple-touch-icon-114-precomposed.png"&gt;
    &lt;link rel="apple-touch-icon-precomposed" sizes="72x72" href="/static/images/ico/apple-touch-icon-72-precomposed.png"&gt;
    &lt;link rel="apple-touch-icon-precomposed" href="/static/images/ico/apple-touch-icon-57-precomposed.png"&gt;

	&lt;script async src="https://pagead2.googlesyndication.com/pagead/js/adsbygoogle.js?client=ca-pub-1677597403311019"
     crossorigin="anonymous"&gt;&lt;/script&gt;

&lt;/head&gt;

&lt;body&gt;

	&lt;header id="header"&gt;
		&lt;div class="header-middle"&gt;
			&lt;div class="container"&gt;
				&lt;div class="row"&gt;
					&lt;div class="col-sm-4"&gt;
						&lt;div class="logo pull-left"&gt;
							&lt;a href="/"&gt;&lt;img src="/static/images/home/logo.png" alt="Website for automation practice" /&gt;&lt;/a&gt;
						&lt;/div&gt;
					&lt;/div&gt;
					&lt;div class="col-sm-8"&gt;
						&lt;div class="shop-menu pull-right"&gt;
							&lt;ul class="nav navbar-nav"&gt;
								
								&lt;li&gt;&lt;a href="/" style="color: orange;"&gt;&lt;i class="fa fa-home"&gt;&lt;/i&gt; Home&lt;/a&gt;&lt;/li&gt;
								&lt;li&gt;&lt;a href="/products"&gt;&lt;i class="material-icons card_travel" style="font-size: 16px;"&gt;&amp;#xe8f8;&lt;/i&gt; Products&lt;/a&gt;&lt;/li&gt;
								&lt;li&gt;&lt;a href="/view_cart"&gt;&lt;i class="fa fa-shopping-cart"&gt;&lt;/i&gt; Cart&lt;/a&gt;&lt;/li&gt;
								
								&lt;li&gt;&lt;a href="/login"&gt;&lt;i class="fa fa-lock"&gt;&lt;/i&gt; Signup / Login&lt;/a&gt;&lt;/li&gt;
								
								&lt;li&gt;&lt;a href="/test_cases"&gt;&lt;i class="fa fa-list"&gt;&lt;/i&gt; Test Cases&lt;/a&gt;&lt;/li&gt;
								&lt;li&gt;&lt;a href="/api_list"&gt;&lt;i class="fa fa-list"&gt;&lt;/i&gt; API Testing&lt;/a&gt;&lt;/li&gt;
								&lt;li&gt;&lt;a href="https://www.youtube.com/c/AutomationExercise"&gt;&lt;i class="fa fa-youtube-play"&gt;&lt;/i&gt; Video Tutorials&lt;/a&gt;&lt;/li&gt;
								&lt;li&gt;&lt;a href="/contact_us"&gt;&lt;i class="fa fa-envelope"&gt;&lt;/i&gt; Contact us&lt;/a&gt;&lt;/li&gt;
								
							&lt;/ul&gt;
						&lt;/div&gt;
					&lt;/div&gt;
				&lt;/div&gt;
			&lt;/div&gt;
		&lt;/div&gt;
	&lt;/header&gt;
	
	&lt;section id="slider"&gt;
		&lt;div class="container"&gt;
			&lt;div class="row"&gt;
				&lt;div class="col-sm-12"&gt;
					&lt;div id="slider-carousel" class="carousel slide" data-ride="carousel"&gt;
						&lt;ol class="carousel-indicators"&gt;
							&lt;li data-target="#slider-carousel" data-slide-to="0" class="active"&gt;&lt;/li&gt;
							&lt;li data-target="#slider-carousel" data-slide-to="1"&gt;&lt;/li&gt;
							&lt;li data-target="#slider-carousel" data-slide-to="2"&gt;&lt;/li&gt;
						&lt;/ol&gt;
						
						&lt;div class="carousel-inner"&gt;
							&lt;div class="item active"&gt;
								&lt;div class="col-sm-6"&gt;
									&lt;h1&gt;&lt;span&gt;Automation&lt;/span&gt;Exercise&lt;/h1&gt;
									&lt;h2&gt;Full-Fledged practice website for Automation Engineers&lt;/h2&gt;
									&lt;p&gt;All QA engineers can use this website for automation practice and API testing either they are at beginner or advance level. This is for everybody to help them brush up their automation skills.&lt;/p&gt;
									&lt;a href="/test_cases" class="test_cases_list"&gt;&lt;button type="button" class="btn btn-success"&gt;Test Cases&lt;/button&gt;&lt;/a&gt;
									&lt;a href="/api_list" class="apis_list"&gt;&lt;button type="button" class="btn btn-success"&gt;APIs list for practice&lt;/button&gt;&lt;/a&gt;
								&lt;/div&gt;
								&lt;div class="col-sm-6"&gt;
									&lt;img src="/static/images/home/girl2.jpg" class="girl img-responsive" alt="demo website for practice" /&gt;
								&lt;/div&gt;
							&lt;/div&gt;
							&lt;div class="item"&gt;
								&lt;div class="col-sm-6"&gt;
									&lt;h1&gt;&lt;span&gt;Automation&lt;/span&gt;Exercise&lt;/h1&gt;
									&lt;h2&gt;Full-Fledged practice website for Automation Engineers&lt;/h2&gt;
									&lt;p&gt;All QA engineers can use this website for automation practice and API testing either they are at beginner or advance level. This is for everybody to help them brush up their automation skills.&lt;/p&gt;
									&lt;a href="/test_cases" class="test_cases_list"&gt;&lt;button type="button" class="btn btn-success"&gt;Test Cases&lt;/button&gt;&lt;/a&gt;
									&lt;a href="/api_list" class="apis_list"&gt;&lt;button type="button" class="btn btn-success"&gt;APIs list for practice&lt;/button&gt;&lt;/a&gt;
								&lt;/div&gt;
								&lt;div class="col-sm-6"&gt;
									&lt;img src="/static/images/home/girl1.jpg" class="girl img-responsive" alt="demo website for practice" /&gt;
								&lt;/div&gt;
							&lt;/div&gt;
							&lt;div class="item"&gt;
								&lt;div class="col-sm-6"&gt;
									&lt;h1&gt;&lt;span&gt;Automation&lt;/span&gt;Exercise&lt;/h1&gt;
									&lt;h2&gt;Full-Fledged practice website for Automation Engineers&lt;/h2&gt;
									&lt;p&gt;All QA engineers can use this website for automation practice and API testing either they are at beginner or advance level. This is for everybody to help them brush up their automation skills.&lt;/p&gt;
									&lt;a href="/test_cases" class="test_cases_list"&gt;&lt;button type="button" class="btn btn-success"&gt;Test Cases&lt;/button&gt;&lt;/a&gt;
									&lt;a href="/api_list" class="apis_list"&gt;&lt;button type="button" class="btn btn-success"&gt;APIs list for practice&lt;/button&gt;&lt;/a&gt;
								&lt;/div&gt;
								&lt;div class="col-sm-6"&gt;
									&lt;img src="/static/images/home/girl3.jpg" class="girl img-responsive" alt="demo website for practice" /&gt;
								&lt;/div&gt;
							&lt;/div&gt;
							
						&lt;/div&gt;
						
						&lt;a href="#slider-carousel" class="left control-carousel hidden-xs" data-slide="prev"&gt;
							&lt;i class="fa fa-angle-left"&gt;&lt;/i&gt;
						&lt;/a&gt;
						&lt;a href="#slider-carousel" class="right control-carousel hidden-xs" data-slide="next"&gt;
							&lt;i class="fa fa-angle-right"&gt;&lt;/i&gt;
						&lt;/a&gt;
					&lt;/div&gt;
					
				&lt;/div&gt;
			&lt;/div&gt;
		&lt;/div&gt;
	&lt;/section&gt;
	
	&lt;section&gt;
		&lt;div class="container"&gt;
			&lt;div class="row"&gt;
				&lt;div class="col-sm-3"&gt;
					&lt;div class="left-sidebar"&gt;
						&lt;h2&gt;Category&lt;/h2&gt;
						&lt;div class="panel-group category-products" id="accordian"&gt;
							
							&lt;div class="panel panel-default"&gt;
								&lt;div class="panel-heading"&gt;
									&lt;h4 class="panel-title"&gt;
										&lt;a data-toggle="collapse" data-parent="#accordian" href="#Women"&gt;
											&lt;span class="badge pull-right"&gt;&lt;i class="fa fa-plus"&gt;&lt;/i&gt;&lt;/span&gt;
											Women
										&lt;/a&gt;
									&lt;/h4&gt;
								&lt;/div&gt;
								&lt;div id="Women" class="panel-collapse collapse"&gt;
									&lt;div class="panel-body"&gt;
										&lt;ul&gt;
											
											&lt;li&gt;&lt;a href="/category_products/1"&gt;Dress &lt;/a&gt;&lt;/li&gt;
											
											&lt;li&gt;&lt;a href="/category_products/2"&gt;Tops &lt;/a&gt;&lt;/li&gt;
											
											&lt;li&gt;&lt;a href="/category_products/7"&gt;Saree &lt;/a&gt;&lt;/li&gt;
											
										&lt;/ul&gt;
									&lt;/div&gt;
								&lt;/div&gt;
							&lt;/div&gt;
							
							&lt;div class="panel panel-default"&gt;
								&lt;div class="panel-heading"&gt;
									&lt;h4 class="panel-title"&gt;
										&lt;a data-toggle="collapse" data-parent="#accordian" href="#Men"&gt;
											&lt;span class="badge pull-right"&gt;&lt;i class="fa fa-plus"&gt;&lt;/i&gt;&lt;/span&gt;
											Men
										&lt;/a&gt;
									&lt;/h4&gt;
								&lt;/div&gt;
								&lt;div id="Men" class="panel-collapse collapse"&gt;
									&lt;div class="panel-body"&gt;
										&lt;ul&gt;
											
											&lt;li&gt;&lt;a href="/category_products/3"&gt;Tshirts &lt;/a&gt;&lt;/li&gt;
											
											&lt;li&gt;&lt;a href="/category_products/6"&gt;Jeans &lt;/a&gt;&lt;/li&gt;
											
										&lt;/ul&gt;
									&lt;/div&gt;
								&lt;/div&gt;
							&lt;/div&gt;
							
							&lt;div class="panel panel-default"&gt;
								&lt;div class="panel-heading"&gt;
									&lt;h4 class="panel-title"&gt;
										&lt;a data-toggle="collapse" data-parent="#accordian" href="#Kids"&gt;
											&lt;span class="badge pull-right"&gt;&lt;i class="fa fa-plus"&gt;&lt;/i&gt;&lt;/span&gt;
											Kids
										&lt;/a&gt;
									&lt;/h4&gt;
								&lt;/div&gt;
								&lt;div id="Kids" class="panel-collapse collapse"&gt;
									&lt;div class="panel-body"&gt;
										&lt;ul&gt;
											
											&lt;li&gt;&lt;a href="/category_products/4"&gt;Dress &lt;/a&gt;&lt;/li&gt;
											
											&lt;li&gt;&lt;a href="/category_products/5"&gt;Tops &amp;amp; Shirts &lt;/a&gt;&lt;/li&gt;
											
										&lt;/ul&gt;
									&lt;/div&gt;
								&lt;/div&gt;
							&lt;/div&gt;
							
						&lt;/div&gt;
					
						&lt;div class="brands_products"&gt;
							&lt;h2&gt;Brands&lt;/h2&gt;
							&lt;div class="brands-name"&gt;
								&lt;ul class="nav nav-pills nav-stacked"&gt;
[...]
								&lt;li&gt;&lt;a href="/api_list"&gt;&lt;i class="fa fa-list"&gt;&lt;/i&gt; API Testing&lt;/a&gt;&lt;/li&gt;
								&lt;li&gt;&lt;a href="https://www.youtube.com/c/AutomationExercise"&gt;&lt;i class="fa fa-youtube-play"&gt;&lt;/i&gt; Video Tutorials&lt;/a&gt;&lt;/li&gt;
								&lt;li&gt;&lt;a href="/contact_us"&gt;&lt;i class="fa fa-envelope"&gt;&lt;/i&gt; Contact us&lt;/a&gt;&lt;/li&gt;
							&lt;/ul&gt;
						&lt;/div&gt;
					&lt;/div&gt;
				&lt;/div&gt;
			&lt;/div&gt;
		&lt;/div&gt;
	&lt;/header&gt;
	
	&lt;section id="form" style="margin-top: 100px !important;"&gt;
		&lt;div class="container"&gt;
			&lt;div class="row"&gt;
				&lt;div class="col-sm-4 col-sm-offset-1"&gt;
					&lt;div class="login-form"&gt;&lt;!--login form--&gt;
						&lt;h2&gt;Login to your account&lt;/h2&gt;
						&lt;form action="/login" method="POST"&gt;
							&lt;input type="hidden" name="csrfmiddlewaretoken" value="TOLh3YZKxgyswp4FTYx4fab0vF1abL52p7q5wNaE9aY1FkLrGtqT16bIa3qOaEIj"&gt;
							&lt;input type="email" data-qa="login-email" placeholder="Email Address" name="email" value="" required /&gt;
							&lt;input type="password" data-qa="login-password" placeholder="Password" name="password" value="" required/&gt;
							
							&lt;button type="submit" data-qa="login-button" class="btn btn-default"&gt;Login&lt;/button&gt;
						&lt;/form&gt;
					&lt;/div&gt;&lt;!--/login form--&gt;
				&lt;/div&gt;
				&lt;div class="col-sm-1"&gt;
					&lt;h2 class="or"&gt;OR&lt;/h2&gt;
				&lt;/div&gt;
				&lt;div class="col-sm-4"&gt;
					&lt;div class="signup-form"&gt;&lt;!--sign up form--&gt;
						&lt;h2&gt;New User Signup!&lt;/h2&gt;
						&lt;form action="/signup" method="POST"&gt;
							&lt;input type="hidden" name="csrfmiddlewaretoken" value="TOLh3YZKxgyswp4FTYx4fab0vF1abL52p7q5wNaE9aY1FkLrGtqT16bIa3qOaEIj"&gt;
							&lt;input type="text" data-qa="signup-name" placeholder="Name" name="name" value="" required/&gt;
							&lt;input type="email" data-qa="signup-email" placeholder="Email Address" name="email" value="" required/&gt;
							&lt;input type="hidden" name="form_type" value="signup"&gt;
							
							&lt;button type="submit" data-qa="signup-button" class="btn btn-default"&gt;Signup&lt;/button&gt;
						&lt;/form&gt;
					&lt;/div&gt;&lt;!--/sign up form--&gt;
				&lt;/div&gt;
			&lt;/div&gt;
		&lt;/div&gt;
	&lt;/section&gt;&lt;!--/form--&gt;
	
	
	&lt;footer id="footer"&gt;
		&lt;div class="footer-widget"&gt;
			&lt;div class="container"&gt;
				&lt;div class="row"&gt;
					&lt;div class='form-row'&gt;
						&lt;div class='col-md-9 hide form-group' id="success-subscribe"&gt;
							&lt;div class='alert-success alert'&gt;You have been successfully subscribed!&lt;/div&gt;
						&lt;/div&gt;
					&lt;/div&gt;
					&lt;div class="col-sm-3 col-sm-offset-1"&gt;
						&lt;div class="single-widget"&gt;
							&lt;h2&gt;Subscription&lt;/h2&gt;
							&lt;form class="searchform" method="POST"&gt;
								&lt;input type="hidden" name="csrfmiddlewaretoken" value="TOLh3YZKxgyswp4FTYx4fab0vF1abL52p7q5wNaE9aY1FkLrGtqT16bIa3qOaEIj"&gt;
								&lt;input type="email" id="susbscribe_email" required placeholder="Your email address" /&gt;
								&lt;button type="submit" id="subscribe" class="btn btn-default"&gt;&lt;i class="fa fa-arrow-circle-o-right"&gt;&lt;/i&gt;&lt;/button&gt;
								&lt;p&gt;Get the most recent updates from &lt;br /&gt;our site and be updated your self...&lt;/p&gt;
							&lt;/form&gt;
						&lt;/div&gt;
					&lt;/div&gt;

				&lt;/div&gt;
			&lt;/div&gt;
		&lt;/div&gt;
		&lt;div class="footer-bottom"&gt;
			&lt;div class="container"&gt;
				&lt;div class="row"&gt;
					&lt;p class="pull-left"&gt;Copyright © 2021 All rights reserved&lt;/p&gt;
				&lt;/div&gt;
			&lt;/div&gt;
		&lt;/div&gt;
	&lt;/footer&gt;

  
    &lt;script src="/static/js/jquery.js"&gt;&lt;/script&gt;
    &lt;script src="/static/js/jquery.scrollUp.min.js"&gt;&lt;/script&gt;
	&lt;script src="/static/js/bootstrap.min.js"&gt;&lt;/script&gt;
    &lt;script src="/static/js/jquery.prettyPhoto.js"&gt;&lt;/script&gt;
    &lt;script src="/static/js/main.js"&gt;&lt;/script&gt;
	&lt;script src="/static/js/subscription.js"&gt;&lt;/script&gt;
&lt;/body&gt;
&lt;/html&gt; 
 </msg>
<msg time="2025-09-26T20:42:45.912080" level="INFO">${resp} = &lt;Response [200]&gt;</msg>
<var>${resp}</var>
<arg>ae</arg>
<arg>${path}</arg>
<arg>verify=${True}</arg>
<doc>Sends a GET request on a previously created HTTP Session.</doc>
<status status="PASS" start="2025-09-26T20:42:45.526460" elapsed="0.385647"/>
</kw>
<kw name="Get Time" owner="BuiltIn">
<msg time="2025-09-26T20:42:45.912601" level="INFO">${end} = 1758894165</msg>
<var>${end}</var>
<arg>epoch</arg>
<doc>Returns the given time in the requested format.</doc>
<status status="PASS" start="2025-09-26T20:42:45.912311" elapsed="0.000311"/>
</kw>
<kw name="Evaluate" owner="BuiltIn">
<msg time="2025-09-26T20:42:45.912936" level="INFO">${duration} = 0</msg>
<var>${duration}</var>
<arg>${end} - ${start}</arg>
<doc>Evaluates the given expression in Python and returns the result.</doc>
<status status="PASS" start="2025-09-26T20:42:45.912730" elapsed="0.000246"/>
</kw>
<kw name="Should Be Equal As Integers" owner="BuiltIn">
<msg time="2025-09-26T20:42:45.913494" level="INFO">Argument types are:
&lt;class 'int'&gt;
&lt;class 'str'&gt;</msg>
<arg>${resp.status_code}</arg>
<arg>200</arg>
<doc>Fails if objects are unequal after converting them to integers.</doc>
<status status="PASS" start="2025-09-26T20:42:45.913174" elapsed="0.000367"/>
</kw>
<kw name="Log" owner="BuiltIn">
<msg time="2025-09-26T20:42:45.913816" level="INFO">Response time for /signup = 0 seconds</msg>
<arg>Response time for ${path} = ${duration} seconds</arg>
<doc>Logs the given message with the given level.</doc>
<status status="PASS" start="2025-09-26T20:42:45.913622" elapsed="0.000227"/>
</kw>
<return>
<value>${duration}</value>
<status status="PASS" start="2025-09-26T20:42:45.913887" elapsed="0.000028"/>
</return>
<msg time="2025-09-26T20:42:45.914012" level="INFO">${dur1} = 0</msg>
<var>${dur1}</var>
<arg>/signup</arg>
<status status="PASS" start="2025-09-26T20:42:45.525948" elapsed="0.388083"/>
</kw>
<kw name="Assert Response Time Less Than" owner="performance_lib">
<kw name="Run Keyword If" owner="BuiltIn">
<arg>${duration} &gt; ${threshold}</arg>
<arg>Fail</arg>
<arg>Response time ${duration} exceeded threshold ${threshold}</arg>
<doc>Runs the given keyword with the given arguments, if ``condition`` is true.</doc>
<status status="PASS" start="2025-09-26T20:42:45.914389" elapsed="0.000128"/>
</kw>
<arg>${dur1}</arg>
<arg>${THRESHOLD_SIGNUP}</arg>
<status status="PASS" start="2025-09-26T20:42:45.914169" elapsed="0.000398"/>
</kw>
<status status="PASS" start="2025-09-26T20:42:45.525257" elapsed="0.389408"/>
</test>
<test id="s1-s1-s3-t2" name="Login Page Load Performance" line="14">
<kw name="Get Page And Measure Time" owner="performance_lib">
<kw name="Get Time" owner="BuiltIn">
<msg time="2025-09-26T20:42:45.915393" level="INFO">${start} = 1758894165</msg>
<var>${start}</var>
<arg>epoch</arg>
<doc>Returns the given time in the requested format.</doc>
<status status="PASS" start="2025-09-26T20:42:45.915266" elapsed="0.000147"/>
</kw>
<kw name="GET On Session" owner="RequestsLibrary">
<msg time="2025-09-26T20:42:46.218378" level="INFO">GET Request : url=https://automationexercise.com/login 
 path_url=/login 
 headers={'User-Agent': 'python-requests/2.32.5', 'Accept-Encoding': 'gzip, deflate', 'Accept': '*/*', 'Connection': 'keep-alive', 'Cookie': 'csrftoken=GljmjxXHRZH2S7Aaop1p2gJQAPJraL5lcEYaMm8BtT7B12hWbUUeOcJyfd859EIC'} 
 body=None 
 </msg>
<msg time="2025-09-26T20:42:46.218471" level="INFO">GET Response : url=https://automationexercise.com/login 
 status=200, reason=OK 
 headers={'Date': 'Fri, 26 Sep 2025 13:42:46 GMT', 'Content-Type': 'text/html; charset=utf-8', 'Transfer-Encoding': 'chunked', 'Connection': 'keep-alive', 'vary': 'Cookie,Accept-Encoding', 'referrer-policy': 'same-origin', 'x-frame-options': 'DENY', 'x-content-type-options': 'nosniff', 'x-powered-by': 'Phusion Passenger(R) 6.0.23', 'Nel': '{"report_to":"cf-nel","success_fraction":0.0,"max_age":604800}', 'status': '200 OK', 'Report-To': '{"group":"cf-nel","max_age":604800,"endpoints":[{"url":"https://a.nel.cloudflare.com/report/v4?s=OnJKuar0cIpFA2UL4PRowbk411g4eSB5pt%2Bs2h%2FO0N4OMmw2PDTzfd7%2Bp6qGiBWXsVeyMzxPfZ%2BiC0tHWK5McybO4dGD1F%2FPekFZzdFrlIEaN9O4fdtWkcpB5ZVx8pe2s24%3D"}]}', 'Server': 'cloudflare', 'cf-cache-status': 'DYNAMIC', 'Content-Encoding': 'gzip', 'Set-Cookie': 'csrftoken=GljmjxXHRZH2S7Aaop1p2gJQAPJraL5lcEYaMm8BtT7B12hWbUUeOcJyfd859EIC; SameSite=Lax; Path=/; Max-Age=31449600; Expires=Fri, 25 Sep 2026 13:42:46 GMT', 'CF-RAY': '98532fb9de34f305-BKK', 'alt-svc': 'h3=":443"; ma=86400'} 
 body=&lt;!DOCTYPE html&gt;
&lt;html lang="en"&gt;
&lt;head&gt;
   &lt;meta charset="utf-8"&gt;
    &lt;meta name="viewport" content="width=device-width, initial-scale=1.0"&gt;
    &lt;meta name="description" content="This is for automation practice"&gt;
	&lt;meta name="robots" content="index"/&gt;
	&lt;meta name="keywords" content="Automation Exercise / Automation Practice / Practice website for automation / demo website for practice / dummy website for testing / testing website / dummy website for practice automation / API Testing / API automation"&gt;
	&lt;meta name="google-site-verification" content="VS1KtEV7m0Pp9MRMwCpyR7rGwUVYH6N8l1zoVepsGWs" /&gt;
	
    &lt;title&gt;Automation Exercise - Signup / Login&lt;/title&gt;

	

    &lt;link href="/static/css/bootstrap.min.css" rel="stylesheet"&gt;
    &lt;link href="/static/css/font-awesome.min.css" rel="stylesheet"&gt;
    &lt;link href="/static/css/prettyPhoto.css" rel="stylesheet"&gt;
    &lt;link href="/static/css/animate.css" rel="stylesheet"&gt;
	&lt;link href="/static/css/main.css" rel="stylesheet"&gt;
	&lt;link href="/static/css/responsive.css" rel="stylesheet"&gt;
	&lt;link rel="stylesheet" href="https://fonts.googleapis.com/icon?family=Material+Icons"&gt;
    &lt;!--[if lt IE 9]&gt;
    &lt;script src="/static/js/html5.js"&gt;&lt;/script&gt;
    &lt;script src="/static/js/respond.min.js"&gt;&lt;/script&gt;
    &lt;![endif]--&gt;       
    &lt;link rel="shortcut icon" href="/static/images/home/short_logo.png"&gt;
    &lt;link rel="apple-touch-icon-precomposed" sizes="144x144" href="/static/images/ico/apple-touch-icon-144-precomposed.png"&gt;
    &lt;link rel="apple-touch-icon-precomposed" sizes="114x114" href="/static/images/ico/apple-touch-icon-114-precomposed.png"&gt;
    &lt;link rel="apple-touch-icon-precomposed" sizes="72x72" href="/static/images/ico/apple-touch-icon-72-precomposed.png"&gt;
    &lt;link rel="apple-touch-icon-precomposed" href="/static/images/ico/apple-touch-icon-57-precomposed.png"&gt;

	&lt;script async src="https://pagead2.googlesyndication.com/pagead/js/adsbygoogle.js?client=ca-pub-1677597403311019"
     crossorigin="anonymous"&gt;&lt;/script&gt;

&lt;/head&gt;

&lt;body&gt;

	&lt;header id="header"&gt;
		&lt;div class="header-middle"&gt;
			&lt;div class="container"&gt;
				&lt;div class="row"&gt;
					&lt;div class="col-sm-4"&gt;
						&lt;div class="logo pull-left"&gt;
							&lt;a href="/"&gt;&lt;img src="/static/images/home/logo.png" alt="Website for automation practice" /&gt;&lt;/a&gt;
						&lt;/div&gt;
					&lt;/div&gt;
					&lt;div class="col-sm-8"&gt;
						&lt;div class="shop-menu pull-right"&gt;
							&lt;ul class="nav navbar-nav"&gt;
								&lt;li&gt;&lt;a href="/"&gt;&lt;i class="fa fa-home"&gt;&lt;/i&gt; Home&lt;/a&gt;&lt;/li&gt;
								&lt;li&gt;&lt;a href="/products"&gt;&lt;i class="material-icons card_travel" style="font-size: 16px;"&gt;&amp;#xe8f8;&lt;/i&gt; Products&lt;/a&gt;&lt;/li&gt;
								&lt;li&gt;&lt;a href="/view_cart"&gt;&lt;i class="fa fa-shopping-cart"&gt;&lt;/i&gt; Cart&lt;/a&gt;&lt;/li&gt;
								&lt;li&gt;&lt;a href="/login" style="color: orange;"&gt;&lt;i class="fa fa-lock"&gt;&lt;/i&gt; Signup / Login&lt;/a&gt;&lt;/li&gt;
								&lt;li&gt;&lt;a href="/test_cases"&gt;&lt;i class="fa fa-list"&gt;&lt;/i&gt; Test Cases&lt;/a&gt;&lt;/li&gt;
								&lt;li&gt;&lt;a href="/api_list"&gt;&lt;i class="fa fa-list"&gt;&lt;/i&gt; API Testing&lt;/a&gt;&lt;/li&gt;
								&lt;li&gt;&lt;a href="https://www.youtube.com/c/AutomationExercise"&gt;&lt;i class="fa fa-youtube-play"&gt;&lt;/i&gt; Video Tutorials&lt;/a&gt;&lt;/li&gt;
								&lt;li&gt;&lt;a href="/contact_us"&gt;&lt;i class="fa fa-envelope"&gt;&lt;/i&gt; Contact us&lt;/a&gt;&lt;/li&gt;
							&lt;/ul&gt;
						&lt;/div&gt;
					&lt;/div&gt;
				&lt;/div&gt;
			&lt;/div&gt;
		&lt;/div&gt;
	&lt;/header&gt;
	
	&lt;section id="form" style="margin-top: 100px !important;"&gt;
		&lt;div class="container"&gt;
			&lt;div class="row"&gt;
				&lt;div class="col-sm-4 col-sm-offset-1"&gt;
					&lt;div class="login-form"&gt;&lt;!--login form--&gt;
						&lt;h2&gt;Login to your account&lt;/h2&gt;
						&lt;form action="/login" method="POST"&gt;
							&lt;input type="hidden" name="csrfmiddlewaretoken" value="NeLCafFM7gIKbpLJVu2HKJW11TJxkQnVjxqqD4QGJa8jkksvIZVwwFWJGh8bjJ0c"&gt;
							&lt;input type="email" data-qa="login-email" placeholder="Email Address" name="email" value="" required /&gt;
							&lt;input type="password" data-qa="login-password" placeholder="Password" name="password" value="" required/&gt;
							
							&lt;button type="submit" data-qa="login-button" class="btn btn-default"&gt;Login&lt;/button&gt;
						&lt;/form&gt;
					&lt;/div&gt;&lt;!--/login form--&gt;
				&lt;/div&gt;
				&lt;div class="col-sm-1"&gt;
					&lt;h2 class="or"&gt;OR&lt;/h2&gt;
				&lt;/div&gt;
				&lt;div class="col-sm-4"&gt;
					&lt;div class="signup-form"&gt;&lt;!--sign up form--&gt;
						&lt;h2&gt;New User Signup!&lt;/h2&gt;
						&lt;form action="/signup" method="POST"&gt;
							&lt;input type="hidden" name="csrfmiddlewaretoken" value="NeLCafFM7gIKbpLJVu2HKJW11TJxkQnVjxqqD4QGJa8jkksvIZVwwFWJGh8bjJ0c"&gt;
							&lt;input type="text" data-qa="signup-name" placeholder="Name" name="name" value="" required/&gt;
							&lt;input type="email" data-qa="signup-email" placeholder="Email Address" name="email" value="" required/&gt;
							&lt;input type="hidden" name="form_type" value="signup"&gt;
							
							&lt;button type="submit" data-qa="signup-button" class="btn btn-default"&gt;Signup&lt;/button&gt;
						&lt;/form&gt;
					&lt;/div&gt;&lt;!--/sign up form--&gt;
				&lt;/div&gt;
			&lt;/div&gt;
		&lt;/div&gt;
	&lt;/section&gt;&lt;!--/form--&gt;
	
	
	&lt;footer id="footer"&gt;
		&lt;div class="footer-widget"&gt;
			&lt;div class="container"&gt;
				&lt;div class="row"&gt;
					&lt;div class='form-row'&gt;
						&lt;div class='col-md-9 hide form-group' id="success-subscribe"&gt;
							&lt;div class='alert-success alert'&gt;You have been successfully subscribed!&lt;/div&gt;
						&lt;/div&gt;
					&lt;/div&gt;
					&lt;div class="col-sm-3 col-sm-offset-1"&gt;
						&lt;div class="single-widget"&gt;
							&lt;h2&gt;Subscription&lt;/h2&gt;
							&lt;form class="searchform" method="POST"&gt;
								&lt;input type="hidden" name="csrfmiddlewaretoken" value="NeLCafFM7gIKbpLJVu2HKJW11TJxkQnVjxqqD4QGJa8jkksvIZVwwFWJGh8bjJ0c"&gt;
								&lt;input type="email" id="susbscribe_email" required placeholder="Your email address" /&gt;
								&lt;button type="submit" id="subscribe" class="btn btn-default"&gt;&lt;i class="fa fa-arrow-circle-o-right"&gt;&lt;/i&gt;&lt;/button&gt;
								&lt;p&gt;Get the most recent updates from &lt;br /&gt;our site and be updated your self...&lt;/p&gt;
							&lt;/form&gt;
						&lt;/div&gt;
					&lt;/div&gt;

				&lt;/div&gt;
			&lt;/div&gt;
		&lt;/div&gt;
		&lt;div class="footer-bottom"&gt;
			&lt;div class="container"&gt;
				&lt;div class="row"&gt;
					&lt;p class="pull-left"&gt;Copyright © 2021 All rights reserved&lt;/p&gt;
				&lt;/div&gt;
			&lt;/div&gt;
		&lt;/div&gt;
	&lt;/footer&gt;

  
    &lt;script src="/static/js/jquery.js"&gt;&lt;/script&gt;
    &lt;script src="/static/js/jquery.scrollUp.min.js"&gt;&lt;/script&gt;
	&lt;script src="/static/js/bootstrap.min.js"&gt;&lt;/script&gt;
    &lt;script src="/static/js/jquery.prettyPhoto.js"&gt;&lt;/script&gt;
    &lt;script src="/static/js/main.js"&gt;&lt;/script&gt;
	&lt;script src="/static/js/subscription.js"&gt;&lt;/script&gt;
&lt;/body&gt;
&lt;/html&gt; 
 </msg>
<msg time="2025-09-26T20:42:46.218793" level="INFO">${resp} = &lt;Response [200]&gt;</msg>
<var>${resp}</var>
<arg>ae</arg>
<arg>${path}</arg>
<arg>verify=${True}</arg>
<doc>Sends a GET request on a previously created HTTP Session.</doc>
<status status="PASS" start="2025-09-26T20:42:45.915487" elapsed="0.303346"/>
</kw>
<kw name="Get Time" owner="BuiltIn">
<msg time="2025-09-26T20:42:46.219193" level="INFO">${end} = 1758894166</msg>
<var>${end}</var>
<arg>epoch</arg>
<doc>Returns the given time in the requested format.</doc>
<status status="PASS" start="2025-09-26T20:42:46.218982" elapsed="0.000235"/>
</kw>
<kw name="Evaluate" owner="BuiltIn">
<msg time="2025-09-26T20:42:46.219530" level="INFO">${duration} = 1</msg>
<var>${duration}</var>
<arg>${end} - ${start}</arg>
<doc>Evaluates the given expression in Python and returns the result.</doc>
<status status="PASS" start="2025-09-26T20:42:46.219322" elapsed="0.000232"/>
</kw>
<kw name="Should Be Equal As Integers" owner="BuiltIn">
<msg time="2025-09-26T20:42:46.220396" level="INFO">Argument types are:
&lt;class 'int'&gt;
&lt;class 'str'&gt;</msg>
<arg>${resp.status_code}</arg>
<arg>200</arg>
<doc>Fails if objects are unequal after converting them to integers.</doc>
<status status="PASS" start="2025-09-26T20:42:46.219691" elapsed="0.000759"/>
</kw>
<kw name="Log" owner="BuiltIn">
<msg time="2025-09-26T20:42:46.220700" level="INFO">Response time for /login = 1 seconds</msg>
<arg>Response time for ${path} = ${duration} seconds</arg>
<doc>Logs the given message with the given level.</doc>
<status status="PASS" start="2025-09-26T20:42:46.220542" elapsed="0.000217"/>
</kw>
<return>
<value>${duration}</value>
<status status="PASS" start="2025-09-26T20:42:46.220799" elapsed="0.000033"/>
</return>
<msg time="2025-09-26T20:42:46.220941" level="INFO">${dur2} = 1</msg>
<var>${dur2}</var>
<arg>/login</arg>
<status status="PASS" start="2025-09-26T20:42:45.915087" elapsed="0.305873"/>
</kw>
<kw name="Assert Response Time Less Than" owner="performance_lib">
<kw name="Run Keyword If" owner="BuiltIn">
<arg>${duration} &gt; ${threshold}</arg>
<arg>Fail</arg>
<arg>Response time ${duration} exceeded threshold ${threshold}</arg>
<doc>Runs the given keyword with the given arguments, if ``condition`` is true.</doc>
<status status="PASS" start="2025-09-26T20:42:46.221922" elapsed="0.000163"/>
</kw>
<arg>${dur2}</arg>
<arg>${THRESHOLD_LOGIN}</arg>
<status status="PASS" start="2025-09-26T20:42:46.221220" elapsed="0.000924"/>
</kw>
<status status="PASS" start="2025-09-26T20:42:45.914840" elapsed="0.307443"/>
</test>
<status status="PASS" start="2025-09-26T20:42:45.521125" elapsed="0.701412"/>
</suite>
<status status="PASS" start="2025-09-26T20:42:33.204987" elapsed="13.018079"/>
</suite>
<status status="PASS" start="2025-09-26T20:42:33.185467" elapsed="13.038423"/>
</suite>
<statistics>
<total>
<stat pass="6" fail="0" skip="0">All Tests</stat>
</total>
<tag>
</tag>
<suite>
<stat name="Performance Tests" id="s1" pass="6" fail="0" skip="0">Performance Tests</stat>
<stat name="Tests" id="s1-s1" pass="6" fail="0" skip="0">Performance Tests.Tests</stat>
<stat name="Homepage Performance" id="s1-s1-s1" pass="2" fail="0" skip="0">Performance Tests.Tests.Homepage Performance</stat>
<stat name="Product Page Performance" id="s1-s1-s2" pass="2" fail="0" skip="0">Performance Tests.Tests.Product Page Performance</stat>
<stat name="Signup Login Performance" id="s1-s1-s3" pass="2" fail="0" skip="0">Performance Tests.Tests.Signup Login Performance</stat>
</suite>
</statistics>
<errors>
</errors>
</robot>
